[2021-09-16 14:05:55] local.ERROR: Swift_TransportException: Expected response code 250 but got code "535", with message "535-5.7.8 Username and Password not accepted. Learn more at
535 5.7.8  https://support.google.com/mail/?p=BadCredentials kx17sm1071336ejc.51 - gsmtp
" in C:\wamp64\www\edms\EDMS-Core\vendor\swiftmailer\swiftmailer\lib\classes\Swift\Transport\AbstractSmtpTransport.php:383
Stack trace:
#0 C:\wamp64\www\edms\EDMS-Core\vendor\swiftmailer\swiftmailer\lib\classes\Swift\Transport\AbstractSmtpTransport.php(281): Swift_Transport_AbstractSmtpTransport->_assertResponseCode('535-5.7.8 Usern...', Array)
#1 C:\wamp64\www\edms\EDMS-Core\vendor\swiftmailer\swiftmailer\lib\classes\Swift\Transport\EsmtpTransport.php(270): Swift_Transport_AbstractSmtpTransport->executeCommand('RSET\r\n', Array, Array)
#2 C:\wamp64\www\edms\EDMS-Core\vendor\swiftmailer\swiftmailer\lib\classes\Swift\Transport\Esmtp\Auth\XOAuth2Authenticator.php(55): Swift_Transport_EsmtpTransport->executeCommand('RSET\r\n', Array)
#3 C:\wamp64\www\edms\EDMS-Core\vendor\swiftmailer\swiftmailer\lib\classes\Swift\Transport\Esmtp\AuthHandler.php(176): Swift_Transport_Esmtp_Auth_XOAuth2Authenticator->authenticate(Object(Swift_SmtpTransport), 'kidane10g@gmail...', 'aaAA11##')
#4 C:\wamp64\www\edms\EDMS-Core\vendor\swiftmailer\swiftmailer\lib\classes\Swift\Transport\EsmtpTransport.php(332): Swift_Transport_Esmtp_AuthHandler->afterEhlo(Object(Swift_SmtpTransport))
#5 C:\wamp64\www\edms\EDMS-Core\vendor\swiftmailer\swiftmailer\lib\classes\Swift\Transport\AbstractSmtpTransport.php(118): Swift_Transport_EsmtpTransport->_doHeloCommand()
#6 C:\wamp64\www\edms\EDMS-Core\vendor\swiftmailer\swiftmailer\lib\classes\Swift\Mailer.php(79): Swift_Transport_AbstractSmtpTransport->start()
#7 C:\wamp64\www\edms\EDMS-Core\vendor\laravel\framework\src\Illuminate\Mail\Mailer.php(443): Swift_Mailer->send(Object(Swift_Message), Array)
#8 C:\wamp64\www\edms\EDMS-Core\vendor\laravel\framework\src\Illuminate\Mail\Mailer.php(217): Illuminate\Mail\Mailer->sendSwiftMessage(Object(Swift_Message))
#9 C:\wamp64\www\edms\EDMS-Core\vendor\laravel\framework\src\Illuminate\Notifications\Channels\MailChannel.php(60): Illuminate\Mail\Mailer->send(Object(Illuminate\Support\HtmlString), Array, Object(Closure))
#10 C:\wamp64\www\edms\EDMS-Core\vendor\laravel\framework\src\Illuminate\Notifications\NotificationSender.php(113): Illuminate\Notifications\Channels\MailChannel->send(Object(App\User), Object(Illuminate\Auth\Notifications\ResetPassword))
#11 C:\wamp64\www\edms\EDMS-Core\vendor\laravel\framework\src\Illuminate\Notifications\NotificationSender.php(89): Illuminate\Notifications\NotificationSender->sendToNotifiable(Object(App\User), 'f61d6459-f3d3-4...', Object(Illuminate\Auth\Notifications\ResetPassword), 'mail')
#12 C:\wamp64\www\edms\EDMS-Core\vendor\laravel\framework\src\Illuminate\Notifications\NotificationSender.php(64): Illuminate\Notifications\NotificationSender->sendNow(Object(Illuminate\Database\Eloquent\Collection), Object(Illuminate\Auth\Notifications\ResetPassword))
#13 C:\wamp64\www\edms\EDMS-Core\vendor\laravel\framework\src\Illuminate\Notifications\ChannelManager.php(36): Illuminate\Notifications\NotificationSender->send(Object(Illuminate\Database\Eloquent\Collection), Object(Illuminate\Auth\Notifications\ResetPassword))
#14 C:\wamp64\www\edms\EDMS-Core\vendor\laravel\framework\src\Illuminate\Notifications\RoutesNotifications.php(18): Illuminate\Notifications\ChannelManager->send(Object(App\User), Object(Illuminate\Auth\Notifications\ResetPassword))
#15 C:\wamp64\www\edms\EDMS-Core\vendor\laravel\framework\src\Illuminate\Auth\Passwords\CanResetPassword.php(27): App\User->notify(Object(Illuminate\Auth\Notifications\ResetPassword))
#16 C:\wamp64\www\edms\EDMS-Core\vendor\laravel\framework\src\Illuminate\Auth\Passwords\PasswordBroker.php(70): Illuminate\Foundation\Auth\User->sendPasswordResetNotification('6679d20e203e144...')
#17 C:\wamp64\www\edms\EDMS-Core\vendor\laravel\framework\src\Illuminate\Foundation\Auth\SendsPasswordResetEmails.php(34): Illuminate\Auth\Passwords\PasswordBroker->sendResetLink(Array)
#18 [internal function]: App\Http\Controllers\Auth\ForgotPasswordController->sendResetLinkEmail(Object(Illuminate\Http\Request))
#19 C:\wamp64\www\edms\EDMS-Core\vendor\laravel\framework\src\Illuminate\Routing\Controller.php(55): call_user_func_array(Array, Array)
#20 C:\wamp64\www\edms\EDMS-Core\vendor\laravel\framework\src\Illuminate\Routing\ControllerDispatcher.php(44): Illuminate\Routing\Controller->callAction('sendResetLinkEm...', Array)
#21 C:\wamp64\www\edms\EDMS-Core\vendor\laravel\framework\src\Illuminate\Routing\Route.php(203): Illuminate\Routing\ControllerDispatcher->dispatch(Object(Illuminate\Routing\Route), Object(App\Http\Controllers\Auth\ForgotPasswordController), 'sendResetLinkEm...')
#22 C:\wamp64\www\edms\EDMS-Core\vendor\laravel\framework\src\Illuminate\Routing\Route.php(160): Illuminate\Routing\Route->runController()
#23 C:\wamp64\www\edms\EDMS-Core\vendor\laravel\framework\src\Illuminate\Routing\Router.php(572): Illuminate\Routing\Route->run()
#24 C:\wamp64\www\edms\EDMS-Core\vendor\laravel\framework\src\Illuminate\Routing\Pipeline.php(30): Illuminate\Routing\Router->Illuminate\Routing\{closure}(Object(Illuminate\Http\Request))
#25 C:\wamp64\www\edms\EDMS-Core\app\Http\Middleware\RedirectIfAuthenticated.php(24): Illuminate\Routing\Pipeline->Illuminate\Routing\{closure}(Object(Illuminate\Http\Request))
#26 C:\wamp64\www\edms\EDMS-Core\vendor\laravel\framework\src\Illuminate\Pipeline\Pipeline.php(148): App\Http\Middleware\RedirectIfAuthenticated->handle(Object(Illuminate\Http\Request), Object(Closure))
#27 C:\wamp64\www\edms\EDMS-Core\vendor\laravel\framework\src\Illuminate\Routing\Pipeline.php(53): Illuminate\Pipeline\Pipeline->Illuminate\Pipeline\{closure}(Object(Illuminate\Http\Request))
#28 C:\wamp64\www\edms\EDMS-Core\app\Http\Middleware\FrontMiddleware.php(61): Illuminate\Routing\Pipeline->Illuminate\Routing\{closure}(Object(Illuminate\Http\Request))
#29 C:\wamp64\www\edms\EDMS-Core\vendor\laravel\framework\src\Illuminate\Pipeline\Pipeline.php(148): App\Http\Middleware\FrontMiddleware->handle(Object(Illuminate\Http\Request), Object(Closure))
#30 C:\wamp64\www\edms\EDMS-Core\vendor\laravel\framework\src\Illuminate\Routing\Pipeline.php(53): Illuminate\Pipeline\Pipeline->Illuminate\Pipeline\{closure}(Object(Illuminate\Http\Request))
#31 C:\wamp64\www\edms\EDMS-Core\vendor\laravel\framework\src\Illuminate\Routing\Middleware\SubstituteBindings.php(41): Illuminate\Routing\Pipeline->Illuminate\Routing\{closure}(Object(Illuminate\Http\Request))
#32 C:\wamp64\www\edms\EDMS-Core\vendor\laravel\framework\src\Illuminate\Pipeline\Pipeline.php(148): Illuminate\Routing\Middleware\SubstituteBindings->handle(Object(Illuminate\Http\Request), Object(Closure))
#33 C:\wamp64\www\edms\EDMS-Core\vendor\laravel\framework\src\Illuminate\Routing\Pipeline.php(53): Illuminate\Pipeline\Pipeline->Illuminate\Pipeline\{closure}(Object(Illuminate\Http\Request))
#34 C:\wamp64\www\edms\EDMS-Core\vendor\laravel\framework\src\Illuminate\Foundation\Http\Middleware\VerifyCsrfToken.php(65): Illuminate\Routing\Pipeline->Illuminate\Routing\{closure}(Object(Illuminate\Http\Request))
#35 C:\wamp64\www\edms\EDMS-Core\vendor\laravel\framework\src\Illuminate\Pipeline\Pipeline.php(148): Illuminate\Foundation\Http\Middleware\VerifyCsrfToken->handle(Object(Illuminate\Http\Request), Object(Closure))
#36 C:\wamp64\www\edms\EDMS-Core\vendor\laravel\framework\src\Illuminate\Routing\Pipeline.php(53): Illuminate\Pipeline\Pipeline->Illuminate\Pipeline\{closure}(Object(Illuminate\Http\Request))
#37 C:\wamp64\www\edms\EDMS-Core\vendor\laravel\framework\src\Illuminate\View\Middleware\ShareErrorsFromSession.php(49): Illuminate\Routing\Pipeline->Illuminate\Routing\{closure}(Object(Illuminate\Http\Request))
#38 C:\wamp64\www\edms\EDMS-Core\vendor\laravel\framework\src\Illuminate\Pipeline\Pipeline.php(148): Illuminate\View\Middleware\ShareErrorsFromSession->handle(Object(Illuminate\Http\Request), Object(Closure))
#39 C:\wamp64\www\edms\EDMS-Core\vendor\laravel\framework\src\Illuminate\Routing\Pipeline.php(53): Illuminate\Pipeline\Pipeline->Illuminate\Pipeline\{closure}(Object(Illuminate\Http\Request))
#40 C:\wamp64\www\edms\EDMS-Core\vendor\laravel\framework\src\Illuminate\Session\Middleware\StartSession.php(64): Illuminate\Routing\Pipeline->Illuminate\Routing\{closure}(Object(Illuminate\Http\Request))
#41 C:\wamp64\www\edms\EDMS-Core\vendor\laravel\framework\src\Illuminate\Pipeline\Pipeline.php(148): Illuminate\Session\Middleware\StartSession->handle(Object(Illuminate\Http\Request), Object(Closure))
#42 C:\wamp64\www\edms\EDMS-Core\vendor\laravel\framework\src\Illuminate\Routing\Pipeline.php(53): Illuminate\Pipeline\Pipeline->Illuminate\Pipeline\{closure}(Object(Illuminate\Http\Request))
#43 C:\wamp64\www\edms\EDMS-Core\vendor\laravel\framework\src\Illuminate\Cookie\Middleware\AddQueuedCookiesToResponse.php(37): Illuminate\Routing\Pipeline->Illuminate\Routing\{closure}(Object(Illuminate\Http\Request))
#44 C:\wamp64\www\edms\EDMS-Core\vendor\laravel\framework\src\Illuminate\Pipeline\Pipeline.php(148): Illuminate\Cookie\Middleware\AddQueuedCookiesToResponse->handle(Object(Illuminate\Http\Request), Object(Closure))
#45 C:\wamp64\www\edms\EDMS-Core\vendor\laravel\framework\src\Illuminate\Routing\Pipeline.php(53): Illuminate\Pipeline\Pipeline->Illuminate\Pipeline\{closure}(Object(Illuminate\Http\Request))
#46 C:\wamp64\www\edms\EDMS-Core\vendor\laravel\framework\src\Illuminate\Cookie\Middleware\EncryptCookies.php(59): Illuminate\Routing\Pipeline->Illuminate\Routing\{closure}(Object(Illuminate\Http\Request))
#47 C:\wamp64\www\edms\EDMS-Core\vendor\laravel\framework\src\Illuminate\Pipeline\Pipeline.php(148): Illuminate\Cookie\Middleware\EncryptCookies->handle(Object(Illuminate\Http\Request), Object(Closure))
#48 C:\wamp64\www\edms\EDMS-Core\vendor\laravel\framework\src\Illuminate\Routing\Pipeline.php(53): Illuminate\Pipeline\Pipeline->Illuminate\Pipeline\{closure}(Object(Illuminate\Http\Request))
#49 C:\wamp64\www\edms\EDMS-Core\vendor\laravel\framework\src\Illuminate\Pipeline\Pipeline.php(102): Illuminate\Routing\Pipeline->Illuminate\Routing\{closure}(Object(Illuminate\Http\Request))
#50 C:\wamp64\www\edms\EDMS-Core\vendor\laravel\framework\src\Illuminate\Routing\Router.php(574): Illuminate\Pipeline\Pipeline->then(Object(Closure))
#51 C:\wamp64\www\edms\EDMS-Core\vendor\laravel\framework\src\Illuminate\Routing\Router.php(533): Illuminate\Routing\Router->runRouteWithinStack(Object(Illuminate\Routing\Route), Object(Illuminate\Http\Request))
#52 C:\wamp64\www\edms\EDMS-Core\vendor\laravel\framework\src\Illuminate\Routing\Router.php(511): Illuminate\Routing\Router->dispatchToRoute(Object(Illuminate\Http\Request))
#53 C:\wamp64\www\edms\EDMS-Core\vendor\laravel\framework\src\Illuminate\Foundation\Http\Kernel.php(176): Illuminate\Routing\Router->dispatch(Object(Illuminate\Http\Request))
#54 C:\wamp64\www\edms\EDMS-Core\vendor\laravel\framework\src\Illuminate\Routing\Pipeline.php(30): Illuminate\Foundation\Http\Kernel->Illuminate\Foundation\Http\{closure}(Object(Illuminate\Http\Request))
#55 C:\wamp64\www\edms\EDMS-Core\vendor\laravel\framework\src\Illuminate\Foundation\Http\Middleware\TransformsRequest.php(30): Illuminate\Routing\Pipeline->Illuminate\Routing\{closure}(Object(Illuminate\Http\Request))
#56 C:\wamp64\www\edms\EDMS-Core\vendor\laravel\framework\src\Illuminate\Pipeline\Pipeline.php(148): Illuminate\Foundation\Http\Middleware\TransformsRequest->handle(Object(Illuminate\Http\Request), Object(Closure))
#57 C:\wamp64\www\edms\EDMS-Core\vendor\laravel\framework\src\Illuminate\Routing\Pipeline.php(53): Illuminate\Pipeline\Pipeline->Illuminate\Pipeline\{closure}(Object(Illuminate\Http\Request))
#58 C:\wamp64\www\edms\EDMS-Core\vendor\laravel\framework\src\Illuminate\Foundation\Http\Middleware\TransformsRequest.php(30): Illuminate\Routing\Pipeline->Illuminate\Routing\{closure}(Object(Illuminate\Http\Request))
#59 C:\wamp64\www\edms\EDMS-Core\vendor\laravel\framework\src\Illuminate\Pipeline\Pipeline.php(148): Illuminate\Foundation\Http\Middleware\TransformsRequest->handle(Object(Illuminate\Http\Request), Object(Closure))
#60 C:\wamp64\www\edms\EDMS-Core\vendor\laravel\framework\src\Illuminate\Routing\Pipeline.php(53): Illuminate\Pipeline\Pipeline->Illuminate\Pipeline\{closure}(Object(Illuminate\Http\Request))
#61 C:\wamp64\www\edms\EDMS-Core\vendor\laravel\framework\src\Illuminate\Foundation\Http\Middleware\ValidatePostSize.php(27): Illuminate\Routing\Pipeline->Illuminate\Routing\{closure}(Object(Illuminate\Http\Request))
#62 C:\wamp64\www\edms\EDMS-Core\vendor\laravel\framework\src\Illuminate\Pipeline\Pipeline.php(148): Illuminate\Foundation\Http\Middleware\ValidatePostSize->handle(Object(Illuminate\Http\Request), Object(Closure))
#63 C:\wamp64\www\edms\EDMS-Core\vendor\laravel\framework\src\Illuminate\Routing\Pipeline.php(53): Illuminate\Pipeline\Pipeline->Illuminate\Pipeline\{closure}(Object(Illuminate\Http\Request))
#64 C:\wamp64\www\edms\EDMS-Core\vendor\laravel\framework\src\Illuminate\Foundation\Http\Middleware\CheckForMaintenanceMode.php(46): Illuminate\Routing\Pipeline->Illuminate\Routing\{closure}(Object(Illuminate\Http\Request))
#65 C:\wamp64\www\edms\EDMS-Core\vendor\laravel\framework\src\Illuminate\Pipeline\Pipeline.php(148): Illuminate\Foundation\Http\Middleware\CheckForMaintenanceMode->handle(Object(Illuminate\Http\Request), Object(Closure))
#66 C:\wamp64\www\edms\EDMS-Core\vendor\laravel\framework\src\Illuminate\Routing\Pipeline.php(53): Illuminate\Pipeline\Pipeline->Illuminate\Pipeline\{closure}(Object(Illuminate\Http\Request))
#67 C:\wamp64\www\edms\EDMS-Core\vendor\laravel\framework\src\Illuminate\Pipeline\Pipeline.php(102): Illuminate\Routing\Pipeline->Illuminate\Routing\{closure}(Object(Illuminate\Http\Request))
#68 C:\wamp64\www\edms\EDMS-Core\vendor\laravel\framework\src\Illuminate\Foundation\Http\Kernel.php(151): Illuminate\Pipeline\Pipeline->then(Object(Closure))
#69 C:\wamp64\www\edms\EDMS-Core\vendor\laravel\framework\src\Illuminate\Foundation\Http\Kernel.php(116): Illuminate\Foundation\Http\Kernel->sendRequestThroughRouter(Object(Illuminate\Http\Request))
#70 C:\wamp64\www\edms\index.php(52): Illuminate\Foundation\Http\Kernel->handle(Object(Illuminate\Http\Request))
#71 {main}  
[2021-09-16 14:11:28] production.ERROR: RuntimeException: The only supported ciphers are AES-128-CBC and AES-256-CBC with the correct key lengths. in C:\wamp64\www\edms\EDMS-Core\vendor\laravel\framework\src\Illuminate\Encryption\Encrypter.php:43
Stack trace:
#0 C:\wamp64\www\edms\EDMS-Core\vendor\laravel\framework\src\Illuminate\Encryption\EncryptionServiceProvider.php(27): Illuminate\Encryption\Encrypter->__construct('', 'AES-256-CBC')
#1 C:\wamp64\www\edms\EDMS-Core\vendor\laravel\framework\src\Illuminate\Container\Container.php(726): Illuminate\Encryption\EncryptionServiceProvider->Illuminate\Encryption\{closure}(Object(Illuminate\Foundation\Application), Array)
#2 C:\wamp64\www\edms\EDMS-Core\vendor\laravel\framework\src\Illuminate\Container\Container.php(608): Illuminate\Container\Container->build(Object(Closure))
#3 C:\wamp64\www\edms\EDMS-Core\vendor\laravel\framework\src\Illuminate\Container\Container.php(575): Illuminate\Container\Container->resolve('encrypter')
#4 C:\wamp64\www\edms\EDMS-Core\vendor\laravel\framework\src\Illuminate\Foundation\Application.php(728): Illuminate\Container\Container->make('encrypter')
#5 C:\wamp64\www\edms\EDMS-Core\vendor\laravel\framework\src\Illuminate\Container\Container.php(862): Illuminate\Foundation\Application->make('encrypter')
#6 C:\wamp64\www\edms\EDMS-Core\vendor\laravel\framework\src\Illuminate\Container\Container.php(790): Illuminate\Container\Container->resolveClass(Object(ReflectionParameter))
#7 C:\wamp64\www\edms\EDMS-Core\vendor\laravel\framework\src\Illuminate\Container\Container.php(757): Illuminate\Container\Container->resolveDependencies(Array)
#8 C:\wamp64\www\edms\EDMS-Core\vendor\laravel\framework\src\Illuminate\Container\Container.php(608): Illuminate\Container\Container->build('App\\Http\\Middle...')
#9 C:\wamp64\www\edms\EDMS-Core\vendor\laravel\framework\src\Illuminate\Container\Container.php(575): Illuminate\Container\Container->resolve('App\\Http\\Middle...')
#10 C:\wamp64\www\edms\EDMS-Core\vendor\laravel\framework\src\Illuminate\Foundation\Application.php(728): Illuminate\Container\Container->make('App\\Http\\Middle...')
#11 C:\wamp64\www\edms\EDMS-Core\vendor\laravel\framework\src\Illuminate\Pipeline\Pipeline.php(138): Illuminate\Foundation\Application->make('App\\Http\\Middle...')
#12 C:\wamp64\www\edms\EDMS-Core\vendor\laravel\framework\src\Illuminate\Routing\Pipeline.php(53): Illuminate\Pipeline\Pipeline->Illuminate\Pipeline\{closure}(Object(Illuminate\Http\Request))
#13 C:\wamp64\www\edms\EDMS-Core\vendor\laravel\framework\src\Illuminate\Pipeline\Pipeline.php(102): Illuminate\Routing\Pipeline->Illuminate\Routing\{closure}(Object(Illuminate\Http\Request))
#14 C:\wamp64\www\edms\EDMS-Core\vendor\laravel\framework\src\Illuminate\Routing\Router.php(574): Illuminate\Pipeline\Pipeline->then(Object(Closure))
#15 C:\wamp64\www\edms\EDMS-Core\vendor\laravel\framework\src\Illuminate\Routing\Router.php(533): Illuminate\Routing\Router->runRouteWithinStack(Object(Illuminate\Routing\Route), Object(Illuminate\Http\Request))
#16 C:\wamp64\www\edms\EDMS-Core\vendor\laravel\framework\src\Illuminate\Routing\Router.php(511): Illuminate\Routing\Router->dispatchToRoute(Object(Illuminate\Http\Request))
#17 C:\wamp64\www\edms\EDMS-Core\vendor\laravel\framework\src\Illuminate\Foundation\Http\Kernel.php(176): Illuminate\Routing\Router->dispatch(Object(Illuminate\Http\Request))
#18 C:\wamp64\www\edms\EDMS-Core\vendor\laravel\framework\src\Illuminate\Routing\Pipeline.php(30): Illuminate\Foundation\Http\Kernel->Illuminate\Foundation\Http\{closure}(Object(Illuminate\Http\Request))
#19 C:\wamp64\www\edms\EDMS-Core\vendor\laravel\framework\src\Illuminate\Foundation\Http\Middleware\TransformsRequest.php(30): Illuminate\Routing\Pipeline->Illuminate\Routing\{closure}(Object(Illuminate\Http\Request))
#20 C:\wamp64\www\edms\EDMS-Core\vendor\laravel\framework\src\Illuminate\Pipeline\Pipeline.php(148): Illuminate\Foundation\Http\Middleware\TransformsRequest->handle(Object(Illuminate\Http\Request), Object(Closure))
#21 C:\wamp64\www\edms\EDMS-Core\vendor\laravel\framework\src\Illuminate\Routing\Pipeline.php(53): Illuminate\Pipeline\Pipeline->Illuminate\Pipeline\{closure}(Object(Illuminate\Http\Request))
#22 C:\wamp64\www\edms\EDMS-Core\vendor\laravel\framework\src\Illuminate\Foundation\Http\Middleware\TransformsRequest.php(30): Illuminate\Routing\Pipeline->Illuminate\Routing\{closure}(Object(Illuminate\Http\Request))
#23 C:\wamp64\www\edms\EDMS-Core\vendor\laravel\framework\src\Illuminate\Pipeline\Pipeline.php(148): Illuminate\Foundation\Http\Middleware\TransformsRequest->handle(Object(Illuminate\Http\Request), Object(Closure))
#24 C:\wamp64\www\edms\EDMS-Core\vendor\laravel\framework\src\Illuminate\Routing\Pipeline.php(53): Illuminate\Pipeline\Pipeline->Illuminate\Pipeline\{closure}(Object(Illuminate\Http\Request))
#25 C:\wamp64\www\edms\EDMS-Core\vendor\laravel\framework\src\Illuminate\Foundation\Http\Middleware\ValidatePostSize.php(27): Illuminate\Routing\Pipeline->Illuminate\Routing\{closure}(Object(Illuminate\Http\Request))
#26 C:\wamp64\www\edms\EDMS-Core\vendor\laravel\framework\src\Illuminate\Pipeline\Pipeline.php(148): Illuminate\Foundation\Http\Middleware\ValidatePostSize->handle(Object(Illuminate\Http\Request), Object(Closure))
#27 C:\wamp64\www\edms\EDMS-Core\vendor\laravel\framework\src\Illuminate\Routing\Pipeline.php(53): Illuminate\Pipeline\Pipeline->Illuminate\Pipeline\{closure}(Object(Illuminate\Http\Request))
#28 C:\wamp64\www\edms\EDMS-Core\vendor\laravel\framework\src\Illuminate\Foundation\Http\Middleware\CheckForMaintenanceMode.php(46): Illuminate\Routing\Pipeline->Illuminate\Routing\{closure}(Object(Illuminate\Http\Request))
#29 C:\wamp64\www\edms\EDMS-Core\vendor\laravel\framework\src\Illuminate\Pipeline\Pipeline.php(148): Illuminate\Foundation\Http\Middleware\CheckForMaintenanceMode->handle(Object(Illuminate\Http\Request), Object(Closure))
#30 C:\wamp64\www\edms\EDMS-Core\vendor\laravel\framework\src\Illuminate\Routing\Pipeline.php(53): Illuminate\Pipeline\Pipeline->Illuminate\Pipeline\{closure}(Object(Illuminate\Http\Request))
#31 C:\wamp64\www\edms\EDMS-Core\vendor\laravel\framework\src\Illuminate\Pipeline\Pipeline.php(102): Illuminate\Routing\Pipeline->Illuminate\Routing\{closure}(Object(Illuminate\Http\Request))
#32 C:\wamp64\www\edms\EDMS-Core\vendor\laravel\framework\src\Illuminate\Foundation\Http\Kernel.php(151): Illuminate\Pipeline\Pipeline->then(Object(Closure))
#33 C:\wamp64\www\edms\EDMS-Core\vendor\laravel\framework\src\Illuminate\Foundation\Http\Kernel.php(116): Illuminate\Foundation\Http\Kernel->sendRequestThroughRouter(Object(Illuminate\Http\Request))
#34 C:\wamp64\www\edms\index.php(52): Illuminate\Foundation\Http\Kernel->handle(Object(Illuminate\Http\Request))
#35 {main}  
[2021-09-16 14:11:28] production.ERROR: RuntimeException: The only supported ciphers are AES-128-CBC and AES-256-CBC with the correct key lengths. in C:\wamp64\www\edms\EDMS-Core\vendor\laravel\framework\src\Illuminate\Encryption\Encrypter.php:43
Stack trace:
#0 C:\wamp64\www\edms\EDMS-Core\vendor\laravel\framework\src\Illuminate\Encryption\EncryptionServiceProvider.php(27): Illuminate\Encryption\Encrypter->__construct('', 'AES-256-CBC')
#1 C:\wamp64\www\edms\EDMS-Core\vendor\laravel\framework\src\Illuminate\Container\Container.php(726): Illuminate\Encryption\EncryptionServiceProvider->Illuminate\Encryption\{closure}(Object(Illuminate\Foundation\Application), Array)
#2 C:\wamp64\www\edms\EDMS-Core\vendor\laravel\framework\src\Illuminate\Container\Container.php(608): Illuminate\Container\Container->build(Object(Closure))
#3 C:\wamp64\www\edms\EDMS-Core\vendor\laravel\framework\src\Illuminate\Container\Container.php(575): Illuminate\Container\Container->resolve('encrypter')
#4 C:\wamp64\www\edms\EDMS-Core\vendor\laravel\framework\src\Illuminate\Foundation\Application.php(728): Illuminate\Container\Container->make('encrypter')
#5 C:\wamp64\www\edms\EDMS-Core\vendor\laravel\framework\src\Illuminate\Container\Container.php(862): Illuminate\Foundation\Application->make('encrypter')
#6 C:\wamp64\www\edms\EDMS-Core\vendor\laravel\framework\src\Illuminate\Container\Container.php(790): Illuminate\Container\Container->resolveClass(Object(ReflectionParameter))
#7 C:\wamp64\www\edms\EDMS-Core\vendor\laravel\framework\src\Illuminate\Container\Container.php(757): Illuminate\Container\Container->resolveDependencies(Array)
#8 C:\wamp64\www\edms\EDMS-Core\vendor\laravel\framework\src\Illuminate\Container\Container.php(608): Illuminate\Container\Container->build('App\\Http\\Middle...')
#9 C:\wamp64\www\edms\EDMS-Core\vendor\laravel\framework\src\Illuminate\Container\Container.php(575): Illuminate\Container\Container->resolve('App\\Http\\Middle...')
#10 C:\wamp64\www\edms\EDMS-Core\vendor\laravel\framework\src\Illuminate\Foundation\Application.php(728): Illuminate\Container\Container->make('App\\Http\\Middle...')
#11 C:\wamp64\www\edms\EDMS-Core\vendor\laravel\framework\src\Illuminate\Foundation\Http\Kernel.php(215): Illuminate\Foundation\Application->make('App\\Http\\Middle...')
#12 C:\wamp64\www\edms\EDMS-Core\vendor\laravel\framework\src\Illuminate\Foundation\Http\Kernel.php(189): Illuminate\Foundation\Http\Kernel->terminateMiddleware(Object(Illuminate\Http\Request), Object(Illuminate\Http\Response))
#13 C:\wamp64\www\edms\index.php(57): Illuminate\Foundation\Http\Kernel->terminate(Object(Illuminate\Http\Request), Object(Illuminate\Http\Response))
#14 {main}  
[2021-09-16 14:50:56] local.ERROR: ErrorException: fopen(C:\wamp64\www\EDMS\EDMS-Core\storage/app/public/uploads/1628368195-አንቺን ለኔ ሙሉ ፊልም Anchin Lene Ethiopian full movie 2020 - YouTube.mp4): failed to open stream: No such file or directory in C:\wamp64\www\edms\EDMS-Core\app\VideoStream.php:27
Stack trace:
#0 [internal function]: Illuminate\Foundation\Bootstrap\HandleExceptions->handleError(2, 'fopen(C:\\wamp64...', 'C:\\wamp64\\www\\e...', 27, Array)
#1 C:\wamp64\www\edms\EDMS-Core\app\VideoStream.php(27): fopen('C:\\wamp64\\www\\E...', 'rb')
#2 C:\wamp64\www\edms\EDMS-Core\app\VideoStream.php(129): App\VideoStream->open()
#3 C:\wamp64\www\edms\EDMS-Core\app\Http\Controllers\documentController.php(368): App\VideoStream->start()
#4 [internal function]: App\Http\Controllers\documentController->streamMedia(Object(Illuminate\Http\Request), '3')
#5 C:\wamp64\www\edms\EDMS-Core\vendor\laravel\framework\src\Illuminate\Routing\Controller.php(55): call_user_func_array(Array, Array)
#6 C:\wamp64\www\edms\EDMS-Core\vendor\laravel\framework\src\Illuminate\Routing\ControllerDispatcher.php(44): Illuminate\Routing\Controller->callAction('streamMedia', Array)
#7 C:\wamp64\www\edms\EDMS-Core\vendor\laravel\framework\src\Illuminate\Routing\Route.php(203): Illuminate\Routing\ControllerDispatcher->dispatch(Object(Illuminate\Routing\Route), Object(App\Http\Controllers\documentController), 'streamMedia')
#8 C:\wamp64\www\edms\EDMS-Core\vendor\laravel\framework\src\Illuminate\Routing\Route.php(160): Illuminate\Routing\Route->runController()
#9 C:\wamp64\www\edms\EDMS-Core\vendor\laravel\framework\src\Illuminate\Routing\Router.php(572): Illuminate\Routing\Route->run()
#10 C:\wamp64\www\edms\EDMS-Core\vendor\laravel\framework\src\Illuminate\Routing\Pipeline.php(30): Illuminate\Routing\Router->Illuminate\Routing\{closure}(Object(Illuminate\Http\Request))
#11 C:\wamp64\www\edms\EDMS-Core\app\Http\Middleware\FrontMiddleware.php(61): Illuminate\Routing\Pipeline->Illuminate\Routing\{closure}(Object(Illuminate\Http\Request))
#12 C:\wamp64\www\edms\EDMS-Core\vendor\laravel\framework\src\Illuminate\Pipeline\Pipeline.php(148): App\Http\Middleware\FrontMiddleware->handle(Object(Illuminate\Http\Request), Object(Closure))
#13 C:\wamp64\www\edms\EDMS-Core\vendor\laravel\framework\src\Illuminate\Routing\Pipeline.php(53): Illuminate\Pipeline\Pipeline->Illuminate\Pipeline\{closure}(Object(Illuminate\Http\Request))
#14 C:\wamp64\www\edms\EDMS-Core\vendor\laravel\framework\src\Illuminate\Routing\Middleware\SubstituteBindings.php(41): Illuminate\Routing\Pipeline->Illuminate\Routing\{closure}(Object(Illuminate\Http\Request))
#15 C:\wamp64\www\edms\EDMS-Core\vendor\laravel\framework\src\Illuminate\Pipeline\Pipeline.php(148): Illuminate\Routing\Middleware\SubstituteBindings->handle(Object(Illuminate\Http\Request), Object(Closure))
#16 C:\wamp64\www\edms\EDMS-Core\vendor\laravel\framework\src\Illuminate\Routing\Pipeline.php(53): Illuminate\Pipeline\Pipeline->Illuminate\Pipeline\{closure}(Object(Illuminate\Http\Request))
#17 C:\wamp64\www\edms\EDMS-Core\vendor\laravel\framework\src\Illuminate\Foundation\Http\Middleware\VerifyCsrfToken.php(65): Illuminate\Routing\Pipeline->Illuminate\Routing\{closure}(Object(Illuminate\Http\Request))
#18 C:\wamp64\www\edms\EDMS-Core\vendor\laravel\framework\src\Illuminate\Pipeline\Pipeline.php(148): Illuminate\Foundation\Http\Middleware\VerifyCsrfToken->handle(Object(Illuminate\Http\Request), Object(Closure))
#19 C:\wamp64\www\edms\EDMS-Core\vendor\laravel\framework\src\Illuminate\Routing\Pipeline.php(53): Illuminate\Pipeline\Pipeline->Illuminate\Pipeline\{closure}(Object(Illuminate\Http\Request))
#20 C:\wamp64\www\edms\EDMS-Core\vendor\laravel\framework\src\Illuminate\View\Middleware\ShareErrorsFromSession.php(49): Illuminate\Routing\Pipeline->Illuminate\Routing\{closure}(Object(Illuminate\Http\Request))
#21 C:\wamp64\www\edms\EDMS-Core\vendor\laravel\framework\src\Illuminate\Pipeline\Pipeline.php(148): Illuminate\View\Middleware\ShareErrorsFromSession->handle(Object(Illuminate\Http\Request), Object(Closure))
#22 C:\wamp64\www\edms\EDMS-Core\vendor\laravel\framework\src\Illuminate\Routing\Pipeline.php(53): Illuminate\Pipeline\Pipeline->Illuminate\Pipeline\{closure}(Object(Illuminate\Http\Request))
#23 C:\wamp64\www\edms\EDMS-Core\vendor\laravel\framework\src\Illuminate\Session\Middleware\StartSession.php(64): Illuminate\Routing\Pipeline->Illuminate\Routing\{closure}(Object(Illuminate\Http\Request))
#24 C:\wamp64\www\edms\EDMS-Core\vendor\laravel\framework\src\Illuminate\Pipeline\Pipeline.php(148): Illuminate\Session\Middleware\StartSession->handle(Object(Illuminate\Http\Request), Object(Closure))
#25 C:\wamp64\www\edms\EDMS-Core\vendor\laravel\framework\src\Illuminate\Routing\Pipeline.php(53): Illuminate\Pipeline\Pipeline->Illuminate\Pipeline\{closure}(Object(Illuminate\Http\Request))
#26 C:\wamp64\www\edms\EDMS-Core\vendor\laravel\framework\src\Illuminate\Cookie\Middleware\AddQueuedCookiesToResponse.php(37): Illuminate\Routing\Pipeline->Illuminate\Routing\{closure}(Object(Illuminate\Http\Request))
#27 C:\wamp64\www\edms\EDMS-Core\vendor\laravel\framework\src\Illuminate\Pipeline\Pipeline.php(148): Illuminate\Cookie\Middleware\AddQueuedCookiesToResponse->handle(Object(Illuminate\Http\Request), Object(Closure))
#28 C:\wamp64\www\edms\EDMS-Core\vendor\laravel\framework\src\Illuminate\Routing\Pipeline.php(53): Illuminate\Pipeline\Pipeline->Illuminate\Pipeline\{closure}(Object(Illuminate\Http\Request))
#29 C:\wamp64\www\edms\EDMS-Core\vendor\laravel\framework\src\Illuminate\Cookie\Middleware\EncryptCookies.php(59): Illuminate\Routing\Pipeline->Illuminate\Routing\{closure}(Object(Illuminate\Http\Request))
#30 C:\wamp64\www\edms\EDMS-Core\vendor\laravel\framework\src\Illuminate\Pipeline\Pipeline.php(148): Illuminate\Cookie\Middleware\EncryptCookies->handle(Object(Illuminate\Http\Request), Object(Closure))
#31 C:\wamp64\www\edms\EDMS-Core\vendor\laravel\framework\src\Illuminate\Routing\Pipeline.php(53): Illuminate\Pipeline\Pipeline->Illuminate\Pipeline\{closure}(Object(Illuminate\Http\Request))
#32 C:\wamp64\www\edms\EDMS-Core\vendor\laravel\framework\src\Illuminate\Pipeline\Pipeline.php(102): Illuminate\Routing\Pipeline->Illuminate\Routing\{closure}(Object(Illuminate\Http\Request))
#33 C:\wamp64\www\edms\EDMS-Core\vendor\laravel\framework\src\Illuminate\Routing\Router.php(574): Illuminate\Pipeline\Pipeline->then(Object(Closure))
#34 C:\wamp64\www\edms\EDMS-Core\vendor\laravel\framework\src\Illuminate\Routing\Router.php(533): Illuminate\Routing\Router->runRouteWithinStack(Object(Illuminate\Routing\Route), Object(Illuminate\Http\Request))
#35 C:\wamp64\www\edms\EDMS-Core\vendor\laravel\framework\src\Illuminate\Routing\Router.php(511): Illuminate\Routing\Router->dispatchToRoute(Object(Illuminate\Http\Request))
#36 C:\wamp64\www\edms\EDMS-Core\vendor\laravel\framework\src\Illuminate\Foundation\Http\Kernel.php(176): Illuminate\Routing\Router->dispatch(Object(Illuminate\Http\Request))
#37 C:\wamp64\www\edms\EDMS-Core\vendor\laravel\framework\src\Illuminate\Routing\Pipeline.php(30): Illuminate\Foundation\Http\Kernel->Illuminate\Foundation\Http\{closure}(Object(Illuminate\Http\Request))
#38 C:\wamp64\www\edms\EDMS-Core\vendor\laravel\framework\src\Illuminate\Foundation\Http\Middleware\TransformsRequest.php(30): Illuminate\Routing\Pipeline->Illuminate\Routing\{closure}(Object(Illuminate\Http\Request))
#39 C:\wamp64\www\edms\EDMS-Core\vendor\laravel\framework\src\Illuminate\Pipeline\Pipeline.php(148): Illuminate\Foundation\Http\Middleware\TransformsRequest->handle(Object(Illuminate\Http\Request), Object(Closure))
#40 C:\wamp64\www\edms\EDMS-Core\vendor\laravel\framework\src\Illuminate\Routing\Pipeline.php(53): Illuminate\Pipeline\Pipeline->Illuminate\Pipeline\{closure}(Object(Illuminate\Http\Request))
#41 C:\wamp64\www\edms\EDMS-Core\vendor\laravel\framework\src\Illuminate\Foundation\Http\Middleware\TransformsRequest.php(30): Illuminate\Routing\Pipeline->Illuminate\Routing\{closure}(Object(Illuminate\Http\Request))
#42 C:\wamp64\www\edms\EDMS-Core\vendor\laravel\framework\src\Illuminate\Pipeline\Pipeline.php(148): Illuminate\Foundation\Http\Middleware\TransformsRequest->handle(Object(Illuminate\Http\Request), Object(Closure))
#43 C:\wamp64\www\edms\EDMS-Core\vendor\laravel\framework\src\Illuminate\Routing\Pipeline.php(53): Illuminate\Pipeline\Pipeline->Illuminate\Pipeline\{closure}(Object(Illuminate\Http\Request))
#44 C:\wamp64\www\edms\EDMS-Core\vendor\laravel\framework\src\Illuminate\Foundation\Http\Middleware\ValidatePostSize.php(27): Illuminate\Routing\Pipeline->Illuminate\Routing\{closure}(Object(Illuminate\Http\Request))
#45 C:\wamp64\www\edms\EDMS-Core\vendor\laravel\framework\src\Illuminate\Pipeline\Pipeline.php(148): Illuminate\Foundation\Http\Middleware\ValidatePostSize->handle(Object(Illuminate\Http\Request), Object(Closure))
#46 C:\wamp64\www\edms\EDMS-Core\vendor\laravel\framework\src\Illuminate\Routing\Pipeline.php(53): Illuminate\Pipeline\Pipeline->Illuminate\Pipeline\{closure}(Object(Illuminate\Http\Request))
#47 C:\wamp64\www\edms\EDMS-Core\vendor\laravel\framework\src\Illuminate\Foundation\Http\Middleware\CheckForMaintenanceMode.php(46): Illuminate\Routing\Pipeline->Illuminate\Routing\{closure}(Object(Illuminate\Http\Request))
#48 C:\wamp64\www\edms\EDMS-Core\vendor\laravel\framework\src\Illuminate\Pipeline\Pipeline.php(148): Illuminate\Foundation\Http\Middleware\CheckForMaintenanceMode->handle(Object(Illuminate\Http\Request), Object(Closure))
#49 C:\wamp64\www\edms\EDMS-Core\vendor\laravel\framework\src\Illuminate\Routing\Pipeline.php(53): Illuminate\Pipeline\Pipeline->Illuminate\Pipeline\{closure}(Object(Illuminate\Http\Request))
#50 C:\wamp64\www\edms\EDMS-Core\vendor\laravel\framework\src\Illuminate\Pipeline\Pipeline.php(102): Illuminate\Routing\Pipeline->Illuminate\Routing\{closure}(Object(Illuminate\Http\Request))
#51 C:\wamp64\www\edms\EDMS-Core\vendor\laravel\framework\src\Illuminate\Foundation\Http\Kernel.php(151): Illuminate\Pipeline\Pipeline->then(Object(Closure))
#52 C:\wamp64\www\edms\EDMS-Core\vendor\laravel\framework\src\Illuminate\Foundation\Http\Kernel.php(116): Illuminate\Foundation\Http\Kernel->sendRequestThroughRouter(Object(Illuminate\Http\Request))
#53 C:\wamp64\www\edms\index.php(52): Illuminate\Foundation\Http\Kernel->handle(Object(Illuminate\Http\Request))
#54 {main}  
[2021-09-16 14:50:56] local.ERROR: ErrorException: fopen(C:\wamp64\www\EDMS\EDMS-Core\storage/app/public/uploads/1628368195-አንቺን ለኔ ሙሉ ፊልም Anchin Lene Ethiopian full movie 2020 - YouTube.mp4): failed to open stream: No such file or directory in C:\wamp64\www\edms\EDMS-Core\app\VideoStream.php:27
Stack trace:
#0 [internal function]: Illuminate\Foundation\Bootstrap\HandleExceptions->handleError(2, 'fopen(C:\\wamp64...', 'C:\\wamp64\\www\\e...', 27, Array)
#1 C:\wamp64\www\edms\EDMS-Core\app\VideoStream.php(27): fopen('C:\\wamp64\\www\\E...', 'rb')
#2 C:\wamp64\www\edms\EDMS-Core\app\VideoStream.php(129): App\VideoStream->open()
#3 C:\wamp64\www\edms\EDMS-Core\app\Http\Controllers\documentController.php(368): App\VideoStream->start()
#4 [internal function]: App\Http\Controllers\documentController->streamMedia(Object(Illuminate\Http\Request), '3')
#5 C:\wamp64\www\edms\EDMS-Core\vendor\laravel\framework\src\Illuminate\Routing\Controller.php(55): call_user_func_array(Array, Array)
#6 C:\wamp64\www\edms\EDMS-Core\vendor\laravel\framework\src\Illuminate\Routing\ControllerDispatcher.php(44): Illuminate\Routing\Controller->callAction('streamMedia', Array)
#7 C:\wamp64\www\edms\EDMS-Core\vendor\laravel\framework\src\Illuminate\Routing\Route.php(203): Illuminate\Routing\ControllerDispatcher->dispatch(Object(Illuminate\Routing\Route), Object(App\Http\Controllers\documentController), 'streamMedia')
#8 C:\wamp64\www\edms\EDMS-Core\vendor\laravel\framework\src\Illuminate\Routing\Route.php(160): Illuminate\Routing\Route->runController()
#9 C:\wamp64\www\edms\EDMS-Core\vendor\laravel\framework\src\Illuminate\Routing\Router.php(572): Illuminate\Routing\Route->run()
#10 C:\wamp64\www\edms\EDMS-Core\vendor\laravel\framework\src\Illuminate\Routing\Pipeline.php(30): Illuminate\Routing\Router->Illuminate\Routing\{closure}(Object(Illuminate\Http\Request))
#11 C:\wamp64\www\edms\EDMS-Core\app\Http\Middleware\FrontMiddleware.php(61): Illuminate\Routing\Pipeline->Illuminate\Routing\{closure}(Object(Illuminate\Http\Request))
#12 C:\wamp64\www\edms\EDMS-Core\vendor\laravel\framework\src\Illuminate\Pipeline\Pipeline.php(148): App\Http\Middleware\FrontMiddleware->handle(Object(Illuminate\Http\Request), Object(Closure))
#13 C:\wamp64\www\edms\EDMS-Core\vendor\laravel\framework\src\Illuminate\Routing\Pipeline.php(53): Illuminate\Pipeline\Pipeline->Illuminate\Pipeline\{closure}(Object(Illuminate\Http\Request))
#14 C:\wamp64\www\edms\EDMS-Core\vendor\laravel\framework\src\Illuminate\Routing\Middleware\SubstituteBindings.php(41): Illuminate\Routing\Pipeline->Illuminate\Routing\{closure}(Object(Illuminate\Http\Request))
#15 C:\wamp64\www\edms\EDMS-Core\vendor\laravel\framework\src\Illuminate\Pipeline\Pipeline.php(148): Illuminate\Routing\Middleware\SubstituteBindings->handle(Object(Illuminate\Http\Request), Object(Closure))
#16 C:\wamp64\www\edms\EDMS-Core\vendor\laravel\framework\src\Illuminate\Routing\Pipeline.php(53): Illuminate\Pipeline\Pipeline->Illuminate\Pipeline\{closure}(Object(Illuminate\Http\Request))
#17 C:\wamp64\www\edms\EDMS-Core\vendor\laravel\framework\src\Illuminate\Foundation\Http\Middleware\VerifyCsrfToken.php(65): Illuminate\Routing\Pipeline->Illuminate\Routing\{closure}(Object(Illuminate\Http\Request))
#18 C:\wamp64\www\edms\EDMS-Core\vendor\laravel\framework\src\Illuminate\Pipeline\Pipeline.php(148): Illuminate\Foundation\Http\Middleware\VerifyCsrfToken->handle(Object(Illuminate\Http\Request), Object(Closure))
#19 C:\wamp64\www\edms\EDMS-Core\vendor\laravel\framework\src\Illuminate\Routing\Pipeline.php(53): Illuminate\Pipeline\Pipeline->Illuminate\Pipeline\{closure}(Object(Illuminate\Http\Request))
#20 C:\wamp64\www\edms\EDMS-Core\vendor\laravel\framework\src\Illuminate\View\Middleware\ShareErrorsFromSession.php(49): Illuminate\Routing\Pipeline->Illuminate\Routing\{closure}(Object(Illuminate\Http\Request))
#21 C:\wamp64\www\edms\EDMS-Core\vendor\laravel\framework\src\Illuminate\Pipeline\Pipeline.php(148): Illuminate\View\Middleware\ShareErrorsFromSession->handle(Object(Illuminate\Http\Request), Object(Closure))
#22 C:\wamp64\www\edms\EDMS-Core\vendor\laravel\framework\src\Illuminate\Routing\Pipeline.php(53): Illuminate\Pipeline\Pipeline->Illuminate\Pipeline\{closure}(Object(Illuminate\Http\Request))
#23 C:\wamp64\www\edms\EDMS-Core\vendor\laravel\framework\src\Illuminate\Session\Middleware\StartSession.php(64): Illuminate\Routing\Pipeline->Illuminate\Routing\{closure}(Object(Illuminate\Http\Request))
#24 C:\wamp64\www\edms\EDMS-Core\vendor\laravel\framework\src\Illuminate\Pipeline\Pipeline.php(148): Illuminate\Session\Middleware\StartSession->handle(Object(Illuminate\Http\Request), Object(Closure))
#25 C:\wamp64\www\edms\EDMS-Core\vendor\laravel\framework\src\Illuminate\Routing\Pipeline.php(53): Illuminate\Pipeline\Pipeline->Illuminate\Pipeline\{closure}(Object(Illuminate\Http\Request))
#26 C:\wamp64\www\edms\EDMS-Core\vendor\laravel\framework\src\Illuminate\Cookie\Middleware\AddQueuedCookiesToResponse.php(37): Illuminate\Routing\Pipeline->Illuminate\Routing\{closure}(Object(Illuminate\Http\Request))
#27 C:\wamp64\www\edms\EDMS-Core\vendor\laravel\framework\src\Illuminate\Pipeline\Pipeline.php(148): Illuminate\Cookie\Middleware\AddQueuedCookiesToResponse->handle(Object(Illuminate\Http\Request), Object(Closure))
#28 C:\wamp64\www\edms\EDMS-Core\vendor\laravel\framework\src\Illuminate\Routing\Pipeline.php(53): Illuminate\Pipeline\Pipeline->Illuminate\Pipeline\{closure}(Object(Illuminate\Http\Request))
#29 C:\wamp64\www\edms\EDMS-Core\vendor\laravel\framework\src\Illuminate\Cookie\Middleware\EncryptCookies.php(59): Illuminate\Routing\Pipeline->Illuminate\Routing\{closure}(Object(Illuminate\Http\Request))
#30 C:\wamp64\www\edms\EDMS-Core\vendor\laravel\framework\src\Illuminate\Pipeline\Pipeline.php(148): Illuminate\Cookie\Middleware\EncryptCookies->handle(Object(Illuminate\Http\Request), Object(Closure))
#31 C:\wamp64\www\edms\EDMS-Core\vendor\laravel\framework\src\Illuminate\Routing\Pipeline.php(53): Illuminate\Pipeline\Pipeline->Illuminate\Pipeline\{closure}(Object(Illuminate\Http\Request))
#32 C:\wamp64\www\edms\EDMS-Core\vendor\laravel\framework\src\Illuminate\Pipeline\Pipeline.php(102): Illuminate\Routing\Pipeline->Illuminate\Routing\{closure}(Object(Illuminate\Http\Request))
#33 C:\wamp64\www\edms\EDMS-Core\vendor\laravel\framework\src\Illuminate\Routing\Router.php(574): Illuminate\Pipeline\Pipeline->then(Object(Closure))
#34 C:\wamp64\www\edms\EDMS-Core\vendor\laravel\framework\src\Illuminate\Routing\Router.php(533): Illuminate\Routing\Router->runRouteWithinStack(Object(Illuminate\Routing\Route), Object(Illuminate\Http\Request))
#35 C:\wamp64\www\edms\EDMS-Core\vendor\laravel\framework\src\Illuminate\Routing\Router.php(511): Illuminate\Routing\Router->dispatchToRoute(Object(Illuminate\Http\Request))
#36 C:\wamp64\www\edms\EDMS-Core\vendor\laravel\framework\src\Illuminate\Foundation\Http\Kernel.php(176): Illuminate\Routing\Router->dispatch(Object(Illuminate\Http\Request))
#37 C:\wamp64\www\edms\EDMS-Core\vendor\laravel\framework\src\Illuminate\Routing\Pipeline.php(30): Illuminate\Foundation\Http\Kernel->Illuminate\Foundation\Http\{closure}(Object(Illuminate\Http\Request))
#38 C:\wamp64\www\edms\EDMS-Core\vendor\laravel\framework\src\Illuminate\Foundation\Http\Middleware\TransformsRequest.php(30): Illuminate\Routing\Pipeline->Illuminate\Routing\{closure}(Object(Illuminate\Http\Request))
#39 C:\wamp64\www\edms\EDMS-Core\vendor\laravel\framework\src\Illuminate\Pipeline\Pipeline.php(148): Illuminate\Foundation\Http\Middleware\TransformsRequest->handle(Object(Illuminate\Http\Request), Object(Closure))
#40 C:\wamp64\www\edms\EDMS-Core\vendor\laravel\framework\src\Illuminate\Routing\Pipeline.php(53): Illuminate\Pipeline\Pipeline->Illuminate\Pipeline\{closure}(Object(Illuminate\Http\Request))
#41 C:\wamp64\www\edms\EDMS-Core\vendor\laravel\framework\src\Illuminate\Foundation\Http\Middleware\TransformsRequest.php(30): Illuminate\Routing\Pipeline->Illuminate\Routing\{closure}(Object(Illuminate\Http\Request))
#42 C:\wamp64\www\edms\EDMS-Core\vendor\laravel\framework\src\Illuminate\Pipeline\Pipeline.php(148): Illuminate\Foundation\Http\Middleware\TransformsRequest->handle(Object(Illuminate\Http\Request), Object(Closure))
#43 C:\wamp64\www\edms\EDMS-Core\vendor\laravel\framework\src\Illuminate\Routing\Pipeline.php(53): Illuminate\Pipeline\Pipeline->Illuminate\Pipeline\{closure}(Object(Illuminate\Http\Request))
#44 C:\wamp64\www\edms\EDMS-Core\vendor\laravel\framework\src\Illuminate\Foundation\Http\Middleware\ValidatePostSize.php(27): Illuminate\Routing\Pipeline->Illuminate\Routing\{closure}(Object(Illuminate\Http\Request))
#45 C:\wamp64\www\edms\EDMS-Core\vendor\laravel\framework\src\Illuminate\Pipeline\Pipeline.php(148): Illuminate\Foundation\Http\Middleware\ValidatePostSize->handle(Object(Illuminate\Http\Request), Object(Closure))
#46 C:\wamp64\www\edms\EDMS-Core\vendor\laravel\framework\src\Illuminate\Routing\Pipeline.php(53): Illuminate\Pipeline\Pipeline->Illuminate\Pipeline\{closure}(Object(Illuminate\Http\Request))
#47 C:\wamp64\www\edms\EDMS-Core\vendor\laravel\framework\src\Illuminate\Foundation\Http\Middleware\CheckForMaintenanceMode.php(46): Illuminate\Routing\Pipeline->Illuminate\Routing\{closure}(Object(Illuminate\Http\Request))
#48 C:\wamp64\www\edms\EDMS-Core\vendor\laravel\framework\src\Illuminate\Pipeline\Pipeline.php(148): Illuminate\Foundation\Http\Middleware\CheckForMaintenanceMode->handle(Object(Illuminate\Http\Request), Object(Closure))
#49 C:\wamp64\www\edms\EDMS-Core\vendor\laravel\framework\src\Illuminate\Routing\Pipeline.php(53): Illuminate\Pipeline\Pipeline->Illuminate\Pipeline\{closure}(Object(Illuminate\Http\Request))
#50 C:\wamp64\www\edms\EDMS-Core\vendor\laravel\framework\src\Illuminate\Pipeline\Pipeline.php(102): Illuminate\Routing\Pipeline->Illuminate\Routing\{closure}(Object(Illuminate\Http\Request))
#51 C:\wamp64\www\edms\EDMS-Core\vendor\laravel\framework\src\Illuminate\Foundation\Http\Kernel.php(151): Illuminate\Pipeline\Pipeline->then(Object(Closure))
#52 C:\wamp64\www\edms\EDMS-Core\vendor\laravel\framework\src\Illuminate\Foundation\Http\Kernel.php(116): Illuminate\Foundation\Http\Kernel->sendRequestThroughRouter(Object(Illuminate\Http\Request))
#53 C:\wamp64\www\edms\index.php(52): Illuminate\Foundation\Http\Kernel->handle(Object(Illuminate\Http\Request))
#54 {main}  
[2021-09-16 14:51:03] local.ERROR: Symfony\Component\Debug\Exception\FatalErrorException: Allowed memory size of 524288000 bytes exhausted (tried to allocate 297230336 bytes) in C:\wamp64\www\edms\EDMS-Core\vendor\symfony\http-foundation\Response.php:361
Stack trace:
#0 C:\wamp64\www\edms\EDMS-Core\vendor\laravel\framework\src\Illuminate\Foundation\Bootstrap\HandleExceptions.php(137): Symfony\Component\Debug\Exception\FatalErrorException->__construct()
#1 C:\wamp64\www\edms\EDMS-Core\vendor\laravel\framework\src\Illuminate\Foundation\Bootstrap\HandleExceptions.php(123): Illuminate\Foundation\Bootstrap\HandleExceptions->fatalExceptionFromError()
#2 C:\wamp64\www\edms\EDMS-Core\vendor\laravel\framework\src\Illuminate\Foundation\Bootstrap\HandleExceptions.php(0): Illuminate\Foundation\Bootstrap\HandleExceptions->handleShutdown()
#3 C:\wamp64\www\edms\EDMS-Core\vendor\symfony\http-foundation\Response.php(374): Illuminate\Http\Response->sendContent()
#4 C:\wamp64\www\edms\index.php(55): Illuminate\Http\Response->send()
#5 C:\wamp64\www\edms\index.php(0): {main}()
#6 {main}  
[2021-09-16 14:51:08] local.ERROR: ErrorException: fopen(C:\wamp64\www\EDMS\EDMS-Core\storage/app/public/uploads/1628368195-አንቺን ለኔ ሙሉ ፊልም Anchin Lene Ethiopian full movie 2020 - YouTube.mp4): failed to open stream: No such file or directory in C:\wamp64\www\edms\EDMS-Core\app\VideoStream.php:27
Stack trace:
#0 [internal function]: Illuminate\Foundation\Bootstrap\HandleExceptions->handleError(2, 'fopen(C:\\wamp64...', 'C:\\wamp64\\www\\e...', 27, Array)
#1 C:\wamp64\www\edms\EDMS-Core\app\VideoStream.php(27): fopen('C:\\wamp64\\www\\E...', 'rb')
#2 C:\wamp64\www\edms\EDMS-Core\app\VideoStream.php(129): App\VideoStream->open()
#3 C:\wamp64\www\edms\EDMS-Core\app\Http\Controllers\documentController.php(368): App\VideoStream->start()
#4 [internal function]: App\Http\Controllers\documentController->streamMedia(Object(Illuminate\Http\Request), '3')
#5 C:\wamp64\www\edms\EDMS-Core\vendor\laravel\framework\src\Illuminate\Routing\Controller.php(55): call_user_func_array(Array, Array)
#6 C:\wamp64\www\edms\EDMS-Core\vendor\laravel\framework\src\Illuminate\Routing\ControllerDispatcher.php(44): Illuminate\Routing\Controller->callAction('streamMedia', Array)
#7 C:\wamp64\www\edms\EDMS-Core\vendor\laravel\framework\src\Illuminate\Routing\Route.php(203): Illuminate\Routing\ControllerDispatcher->dispatch(Object(Illuminate\Routing\Route), Object(App\Http\Controllers\documentController), 'streamMedia')
#8 C:\wamp64\www\edms\EDMS-Core\vendor\laravel\framework\src\Illuminate\Routing\Route.php(160): Illuminate\Routing\Route->runController()
#9 C:\wamp64\www\edms\EDMS-Core\vendor\laravel\framework\src\Illuminate\Routing\Router.php(572): Illuminate\Routing\Route->run()
#10 C:\wamp64\www\edms\EDMS-Core\vendor\laravel\framework\src\Illuminate\Routing\Pipeline.php(30): Illuminate\Routing\Router->Illuminate\Routing\{closure}(Object(Illuminate\Http\Request))
#11 C:\wamp64\www\edms\EDMS-Core\app\Http\Middleware\FrontMiddleware.php(61): Illuminate\Routing\Pipeline->Illuminate\Routing\{closure}(Object(Illuminate\Http\Request))
#12 C:\wamp64\www\edms\EDMS-Core\vendor\laravel\framework\src\Illuminate\Pipeline\Pipeline.php(148): App\Http\Middleware\FrontMiddleware->handle(Object(Illuminate\Http\Request), Object(Closure))
#13 C:\wamp64\www\edms\EDMS-Core\vendor\laravel\framework\src\Illuminate\Routing\Pipeline.php(53): Illuminate\Pipeline\Pipeline->Illuminate\Pipeline\{closure}(Object(Illuminate\Http\Request))
#14 C:\wamp64\www\edms\EDMS-Core\vendor\laravel\framework\src\Illuminate\Routing\Middleware\SubstituteBindings.php(41): Illuminate\Routing\Pipeline->Illuminate\Routing\{closure}(Object(Illuminate\Http\Request))
#15 C:\wamp64\www\edms\EDMS-Core\vendor\laravel\framework\src\Illuminate\Pipeline\Pipeline.php(148): Illuminate\Routing\Middleware\SubstituteBindings->handle(Object(Illuminate\Http\Request), Object(Closure))
#16 C:\wamp64\www\edms\EDMS-Core\vendor\laravel\framework\src\Illuminate\Routing\Pipeline.php(53): Illuminate\Pipeline\Pipeline->Illuminate\Pipeline\{closure}(Object(Illuminate\Http\Request))
#17 C:\wamp64\www\edms\EDMS-Core\vendor\laravel\framework\src\Illuminate\Foundation\Http\Middleware\VerifyCsrfToken.php(65): Illuminate\Routing\Pipeline->Illuminate\Routing\{closure}(Object(Illuminate\Http\Request))
#18 C:\wamp64\www\edms\EDMS-Core\vendor\laravel\framework\src\Illuminate\Pipeline\Pipeline.php(148): Illuminate\Foundation\Http\Middleware\VerifyCsrfToken->handle(Object(Illuminate\Http\Request), Object(Closure))
#19 C:\wamp64\www\edms\EDMS-Core\vendor\laravel\framework\src\Illuminate\Routing\Pipeline.php(53): Illuminate\Pipeline\Pipeline->Illuminate\Pipeline\{closure}(Object(Illuminate\Http\Request))
#20 C:\wamp64\www\edms\EDMS-Core\vendor\laravel\framework\src\Illuminate\View\Middleware\ShareErrorsFromSession.php(49): Illuminate\Routing\Pipeline->Illuminate\Routing\{closure}(Object(Illuminate\Http\Request))
#21 C:\wamp64\www\edms\EDMS-Core\vendor\laravel\framework\src\Illuminate\Pipeline\Pipeline.php(148): Illuminate\View\Middleware\ShareErrorsFromSession->handle(Object(Illuminate\Http\Request), Object(Closure))
#22 C:\wamp64\www\edms\EDMS-Core\vendor\laravel\framework\src\Illuminate\Routing\Pipeline.php(53): Illuminate\Pipeline\Pipeline->Illuminate\Pipeline\{closure}(Object(Illuminate\Http\Request))
#23 C:\wamp64\www\edms\EDMS-Core\vendor\laravel\framework\src\Illuminate\Session\Middleware\StartSession.php(64): Illuminate\Routing\Pipeline->Illuminate\Routing\{closure}(Object(Illuminate\Http\Request))
#24 C:\wamp64\www\edms\EDMS-Core\vendor\laravel\framework\src\Illuminate\Pipeline\Pipeline.php(148): Illuminate\Session\Middleware\StartSession->handle(Object(Illuminate\Http\Request), Object(Closure))
#25 C:\wamp64\www\edms\EDMS-Core\vendor\laravel\framework\src\Illuminate\Routing\Pipeline.php(53): Illuminate\Pipeline\Pipeline->Illuminate\Pipeline\{closure}(Object(Illuminate\Http\Request))
#26 C:\wamp64\www\edms\EDMS-Core\vendor\laravel\framework\src\Illuminate\Cookie\Middleware\AddQueuedCookiesToResponse.php(37): Illuminate\Routing\Pipeline->Illuminate\Routing\{closure}(Object(Illuminate\Http\Request))
#27 C:\wamp64\www\edms\EDMS-Core\vendor\laravel\framework\src\Illuminate\Pipeline\Pipeline.php(148): Illuminate\Cookie\Middleware\AddQueuedCookiesToResponse->handle(Object(Illuminate\Http\Request), Object(Closure))
#28 C:\wamp64\www\edms\EDMS-Core\vendor\laravel\framework\src\Illuminate\Routing\Pipeline.php(53): Illuminate\Pipeline\Pipeline->Illuminate\Pipeline\{closure}(Object(Illuminate\Http\Request))
#29 C:\wamp64\www\edms\EDMS-Core\vendor\laravel\framework\src\Illuminate\Cookie\Middleware\EncryptCookies.php(59): Illuminate\Routing\Pipeline->Illuminate\Routing\{closure}(Object(Illuminate\Http\Request))
#30 C:\wamp64\www\edms\EDMS-Core\vendor\laravel\framework\src\Illuminate\Pipeline\Pipeline.php(148): Illuminate\Cookie\Middleware\EncryptCookies->handle(Object(Illuminate\Http\Request), Object(Closure))
#31 C:\wamp64\www\edms\EDMS-Core\vendor\laravel\framework\src\Illuminate\Routing\Pipeline.php(53): Illuminate\Pipeline\Pipeline->Illuminate\Pipeline\{closure}(Object(Illuminate\Http\Request))
#32 C:\wamp64\www\edms\EDMS-Core\vendor\laravel\framework\src\Illuminate\Pipeline\Pipeline.php(102): Illuminate\Routing\Pipeline->Illuminate\Routing\{closure}(Object(Illuminate\Http\Request))
#33 C:\wamp64\www\edms\EDMS-Core\vendor\laravel\framework\src\Illuminate\Routing\Router.php(574): Illuminate\Pipeline\Pipeline->then(Object(Closure))
#34 C:\wamp64\www\edms\EDMS-Core\vendor\laravel\framework\src\Illuminate\Routing\Router.php(533): Illuminate\Routing\Router->runRouteWithinStack(Object(Illuminate\Routing\Route), Object(Illuminate\Http\Request))
#35 C:\wamp64\www\edms\EDMS-Core\vendor\laravel\framework\src\Illuminate\Routing\Router.php(511): Illuminate\Routing\Router->dispatchToRoute(Object(Illuminate\Http\Request))
#36 C:\wamp64\www\edms\EDMS-Core\vendor\laravel\framework\src\Illuminate\Foundation\Http\Kernel.php(176): Illuminate\Routing\Router->dispatch(Object(Illuminate\Http\Request))
#37 C:\wamp64\www\edms\EDMS-Core\vendor\laravel\framework\src\Illuminate\Routing\Pipeline.php(30): Illuminate\Foundation\Http\Kernel->Illuminate\Foundation\Http\{closure}(Object(Illuminate\Http\Request))
#38 C:\wamp64\www\edms\EDMS-Core\vendor\laravel\framework\src\Illuminate\Foundation\Http\Middleware\TransformsRequest.php(30): Illuminate\Routing\Pipeline->Illuminate\Routing\{closure}(Object(Illuminate\Http\Request))
#39 C:\wamp64\www\edms\EDMS-Core\vendor\laravel\framework\src\Illuminate\Pipeline\Pipeline.php(148): Illuminate\Foundation\Http\Middleware\TransformsRequest->handle(Object(Illuminate\Http\Request), Object(Closure))
#40 C:\wamp64\www\edms\EDMS-Core\vendor\laravel\framework\src\Illuminate\Routing\Pipeline.php(53): Illuminate\Pipeline\Pipeline->Illuminate\Pipeline\{closure}(Object(Illuminate\Http\Request))
#41 C:\wamp64\www\edms\EDMS-Core\vendor\laravel\framework\src\Illuminate\Foundation\Http\Middleware\TransformsRequest.php(30): Illuminate\Routing\Pipeline->Illuminate\Routing\{closure}(Object(Illuminate\Http\Request))
#42 C:\wamp64\www\edms\EDMS-Core\vendor\laravel\framework\src\Illuminate\Pipeline\Pipeline.php(148): Illuminate\Foundation\Http\Middleware\TransformsRequest->handle(Object(Illuminate\Http\Request), Object(Closure))
#43 C:\wamp64\www\edms\EDMS-Core\vendor\laravel\framework\src\Illuminate\Routing\Pipeline.php(53): Illuminate\Pipeline\Pipeline->Illuminate\Pipeline\{closure}(Object(Illuminate\Http\Request))
#44 C:\wamp64\www\edms\EDMS-Core\vendor\laravel\framework\src\Illuminate\Foundation\Http\Middleware\ValidatePostSize.php(27): Illuminate\Routing\Pipeline->Illuminate\Routing\{closure}(Object(Illuminate\Http\Request))
#45 C:\wamp64\www\edms\EDMS-Core\vendor\laravel\framework\src\Illuminate\Pipeline\Pipeline.php(148): Illuminate\Foundation\Http\Middleware\ValidatePostSize->handle(Object(Illuminate\Http\Request), Object(Closure))
#46 C:\wamp64\www\edms\EDMS-Core\vendor\laravel\framework\src\Illuminate\Routing\Pipeline.php(53): Illuminate\Pipeline\Pipeline->Illuminate\Pipeline\{closure}(Object(Illuminate\Http\Request))
#47 C:\wamp64\www\edms\EDMS-Core\vendor\laravel\framework\src\Illuminate\Foundation\Http\Middleware\CheckForMaintenanceMode.php(46): Illuminate\Routing\Pipeline->Illuminate\Routing\{closure}(Object(Illuminate\Http\Request))
#48 C:\wamp64\www\edms\EDMS-Core\vendor\laravel\framework\src\Illuminate\Pipeline\Pipeline.php(148): Illuminate\Foundation\Http\Middleware\CheckForMaintenanceMode->handle(Object(Illuminate\Http\Request), Object(Closure))
#49 C:\wamp64\www\edms\EDMS-Core\vendor\laravel\framework\src\Illuminate\Routing\Pipeline.php(53): Illuminate\Pipeline\Pipeline->Illuminate\Pipeline\{closure}(Object(Illuminate\Http\Request))
#50 C:\wamp64\www\edms\EDMS-Core\vendor\laravel\framework\src\Illuminate\Pipeline\Pipeline.php(102): Illuminate\Routing\Pipeline->Illuminate\Routing\{closure}(Object(Illuminate\Http\Request))
#51 C:\wamp64\www\edms\EDMS-Core\vendor\laravel\framework\src\Illuminate\Foundation\Http\Kernel.php(151): Illuminate\Pipeline\Pipeline->then(Object(Closure))
#52 C:\wamp64\www\edms\EDMS-Core\vendor\laravel\framework\src\Illuminate\Foundation\Http\Kernel.php(116): Illuminate\Foundation\Http\Kernel->sendRequestThroughRouter(Object(Illuminate\Http\Request))
#53 C:\wamp64\www\edms\index.php(52): Illuminate\Foundation\Http\Kernel->handle(Object(Illuminate\Http\Request))
#54 {main}  
[2021-09-16 14:51:08] local.ERROR: ErrorException: fopen(C:\wamp64\www\EDMS\EDMS-Core\storage/app/public/uploads/1628368195-አንቺን ለኔ ሙሉ ፊልም Anchin Lene Ethiopian full movie 2020 - YouTube.mp4): failed to open stream: No such file or directory in C:\wamp64\www\edms\EDMS-Core\app\VideoStream.php:27
Stack trace:
#0 [internal function]: Illuminate\Foundation\Bootstrap\HandleExceptions->handleError(2, 'fopen(C:\\wamp64...', 'C:\\wamp64\\www\\e...', 27, Array)
#1 C:\wamp64\www\edms\EDMS-Core\app\VideoStream.php(27): fopen('C:\\wamp64\\www\\E...', 'rb')
#2 C:\wamp64\www\edms\EDMS-Core\app\VideoStream.php(129): App\VideoStream->open()
#3 C:\wamp64\www\edms\EDMS-Core\app\Http\Controllers\documentController.php(368): App\VideoStream->start()
#4 [internal function]: App\Http\Controllers\documentController->streamMedia(Object(Illuminate\Http\Request), '3')
#5 C:\wamp64\www\edms\EDMS-Core\vendor\laravel\framework\src\Illuminate\Routing\Controller.php(55): call_user_func_array(Array, Array)
#6 C:\wamp64\www\edms\EDMS-Core\vendor\laravel\framework\src\Illuminate\Routing\ControllerDispatcher.php(44): Illuminate\Routing\Controller->callAction('streamMedia', Array)
#7 C:\wamp64\www\edms\EDMS-Core\vendor\laravel\framework\src\Illuminate\Routing\Route.php(203): Illuminate\Routing\ControllerDispatcher->dispatch(Object(Illuminate\Routing\Route), Object(App\Http\Controllers\documentController), 'streamMedia')
#8 C:\wamp64\www\edms\EDMS-Core\vendor\laravel\framework\src\Illuminate\Routing\Route.php(160): Illuminate\Routing\Route->runController()
#9 C:\wamp64\www\edms\EDMS-Core\vendor\laravel\framework\src\Illuminate\Routing\Router.php(572): Illuminate\Routing\Route->run()
#10 C:\wamp64\www\edms\EDMS-Core\vendor\laravel\framework\src\Illuminate\Routing\Pipeline.php(30): Illuminate\Routing\Router->Illuminate\Routing\{closure}(Object(Illuminate\Http\Request))
#11 C:\wamp64\www\edms\EDMS-Core\app\Http\Middleware\FrontMiddleware.php(61): Illuminate\Routing\Pipeline->Illuminate\Routing\{closure}(Object(Illuminate\Http\Request))
#12 C:\wamp64\www\edms\EDMS-Core\vendor\laravel\framework\src\Illuminate\Pipeline\Pipeline.php(148): App\Http\Middleware\FrontMiddleware->handle(Object(Illuminate\Http\Request), Object(Closure))
#13 C:\wamp64\www\edms\EDMS-Core\vendor\laravel\framework\src\Illuminate\Routing\Pipeline.php(53): Illuminate\Pipeline\Pipeline->Illuminate\Pipeline\{closure}(Object(Illuminate\Http\Request))
#14 C:\wamp64\www\edms\EDMS-Core\vendor\laravel\framework\src\Illuminate\Routing\Middleware\SubstituteBindings.php(41): Illuminate\Routing\Pipeline->Illuminate\Routing\{closure}(Object(Illuminate\Http\Request))
#15 C:\wamp64\www\edms\EDMS-Core\vendor\laravel\framework\src\Illuminate\Pipeline\Pipeline.php(148): Illuminate\Routing\Middleware\SubstituteBindings->handle(Object(Illuminate\Http\Request), Object(Closure))
#16 C:\wamp64\www\edms\EDMS-Core\vendor\laravel\framework\src\Illuminate\Routing\Pipeline.php(53): Illuminate\Pipeline\Pipeline->Illuminate\Pipeline\{closure}(Object(Illuminate\Http\Request))
#17 C:\wamp64\www\edms\EDMS-Core\vendor\laravel\framework\src\Illuminate\Foundation\Http\Middleware\VerifyCsrfToken.php(65): Illuminate\Routing\Pipeline->Illuminate\Routing\{closure}(Object(Illuminate\Http\Request))
#18 C:\wamp64\www\edms\EDMS-Core\vendor\laravel\framework\src\Illuminate\Pipeline\Pipeline.php(148): Illuminate\Foundation\Http\Middleware\VerifyCsrfToken->handle(Object(Illuminate\Http\Request), Object(Closure))
#19 C:\wamp64\www\edms\EDMS-Core\vendor\laravel\framework\src\Illuminate\Routing\Pipeline.php(53): Illuminate\Pipeline\Pipeline->Illuminate\Pipeline\{closure}(Object(Illuminate\Http\Request))
#20 C:\wamp64\www\edms\EDMS-Core\vendor\laravel\framework\src\Illuminate\View\Middleware\ShareErrorsFromSession.php(49): Illuminate\Routing\Pipeline->Illuminate\Routing\{closure}(Object(Illuminate\Http\Request))
#21 C:\wamp64\www\edms\EDMS-Core\vendor\laravel\framework\src\Illuminate\Pipeline\Pipeline.php(148): Illuminate\View\Middleware\ShareErrorsFromSession->handle(Object(Illuminate\Http\Request), Object(Closure))
#22 C:\wamp64\www\edms\EDMS-Core\vendor\laravel\framework\src\Illuminate\Routing\Pipeline.php(53): Illuminate\Pipeline\Pipeline->Illuminate\Pipeline\{closure}(Object(Illuminate\Http\Request))
#23 C:\wamp64\www\edms\EDMS-Core\vendor\laravel\framework\src\Illuminate\Session\Middleware\StartSession.php(64): Illuminate\Routing\Pipeline->Illuminate\Routing\{closure}(Object(Illuminate\Http\Request))
#24 C:\wamp64\www\edms\EDMS-Core\vendor\laravel\framework\src\Illuminate\Pipeline\Pipeline.php(148): Illuminate\Session\Middleware\StartSession->handle(Object(Illuminate\Http\Request), Object(Closure))
#25 C:\wamp64\www\edms\EDMS-Core\vendor\laravel\framework\src\Illuminate\Routing\Pipeline.php(53): Illuminate\Pipeline\Pipeline->Illuminate\Pipeline\{closure}(Object(Illuminate\Http\Request))
#26 C:\wamp64\www\edms\EDMS-Core\vendor\laravel\framework\src\Illuminate\Cookie\Middleware\AddQueuedCookiesToResponse.php(37): Illuminate\Routing\Pipeline->Illuminate\Routing\{closure}(Object(Illuminate\Http\Request))
#27 C:\wamp64\www\edms\EDMS-Core\vendor\laravel\framework\src\Illuminate\Pipeline\Pipeline.php(148): Illuminate\Cookie\Middleware\AddQueuedCookiesToResponse->handle(Object(Illuminate\Http\Request), Object(Closure))
#28 C:\wamp64\www\edms\EDMS-Core\vendor\laravel\framework\src\Illuminate\Routing\Pipeline.php(53): Illuminate\Pipeline\Pipeline->Illuminate\Pipeline\{closure}(Object(Illuminate\Http\Request))
#29 C:\wamp64\www\edms\EDMS-Core\vendor\laravel\framework\src\Illuminate\Cookie\Middleware\EncryptCookies.php(59): Illuminate\Routing\Pipeline->Illuminate\Routing\{closure}(Object(Illuminate\Http\Request))
#30 C:\wamp64\www\edms\EDMS-Core\vendor\laravel\framework\src\Illuminate\Pipeline\Pipeline.php(148): Illuminate\Cookie\Middleware\EncryptCookies->handle(Object(Illuminate\Http\Request), Object(Closure))
#31 C:\wamp64\www\edms\EDMS-Core\vendor\laravel\framework\src\Illuminate\Routing\Pipeline.php(53): Illuminate\Pipeline\Pipeline->Illuminate\Pipeline\{closure}(Object(Illuminate\Http\Request))
#32 C:\wamp64\www\edms\EDMS-Core\vendor\laravel\framework\src\Illuminate\Pipeline\Pipeline.php(102): Illuminate\Routing\Pipeline->Illuminate\Routing\{closure}(Object(Illuminate\Http\Request))
#33 C:\wamp64\www\edms\EDMS-Core\vendor\laravel\framework\src\Illuminate\Routing\Router.php(574): Illuminate\Pipeline\Pipeline->then(Object(Closure))
#34 C:\wamp64\www\edms\EDMS-Core\vendor\laravel\framework\src\Illuminate\Routing\Router.php(533): Illuminate\Routing\Router->runRouteWithinStack(Object(Illuminate\Routing\Route), Object(Illuminate\Http\Request))
#35 C:\wamp64\www\edms\EDMS-Core\vendor\laravel\framework\src\Illuminate\Routing\Router.php(511): Illuminate\Routing\Router->dispatchToRoute(Object(Illuminate\Http\Request))
#36 C:\wamp64\www\edms\EDMS-Core\vendor\laravel\framework\src\Illuminate\Foundation\Http\Kernel.php(176): Illuminate\Routing\Router->dispatch(Object(Illuminate\Http\Request))
#37 C:\wamp64\www\edms\EDMS-Core\vendor\laravel\framework\src\Illuminate\Routing\Pipeline.php(30): Illuminate\Foundation\Http\Kernel->Illuminate\Foundation\Http\{closure}(Object(Illuminate\Http\Request))
#38 C:\wamp64\www\edms\EDMS-Core\vendor\laravel\framework\src\Illuminate\Foundation\Http\Middleware\TransformsRequest.php(30): Illuminate\Routing\Pipeline->Illuminate\Routing\{closure}(Object(Illuminate\Http\Request))
#39 C:\wamp64\www\edms\EDMS-Core\vendor\laravel\framework\src\Illuminate\Pipeline\Pipeline.php(148): Illuminate\Foundation\Http\Middleware\TransformsRequest->handle(Object(Illuminate\Http\Request), Object(Closure))
#40 C:\wamp64\www\edms\EDMS-Core\vendor\laravel\framework\src\Illuminate\Routing\Pipeline.php(53): Illuminate\Pipeline\Pipeline->Illuminate\Pipeline\{closure}(Object(Illuminate\Http\Request))
#41 C:\wamp64\www\edms\EDMS-Core\vendor\laravel\framework\src\Illuminate\Foundation\Http\Middleware\TransformsRequest.php(30): Illuminate\Routing\Pipeline->Illuminate\Routing\{closure}(Object(Illuminate\Http\Request))
#42 C:\wamp64\www\edms\EDMS-Core\vendor\laravel\framework\src\Illuminate\Pipeline\Pipeline.php(148): Illuminate\Foundation\Http\Middleware\TransformsRequest->handle(Object(Illuminate\Http\Request), Object(Closure))
#43 C:\wamp64\www\edms\EDMS-Core\vendor\laravel\framework\src\Illuminate\Routing\Pipeline.php(53): Illuminate\Pipeline\Pipeline->Illuminate\Pipeline\{closure}(Object(Illuminate\Http\Request))
#44 C:\wamp64\www\edms\EDMS-Core\vendor\laravel\framework\src\Illuminate\Foundation\Http\Middleware\ValidatePostSize.php(27): Illuminate\Routing\Pipeline->Illuminate\Routing\{closure}(Object(Illuminate\Http\Request))
#45 C:\wamp64\www\edms\EDMS-Core\vendor\laravel\framework\src\Illuminate\Pipeline\Pipeline.php(148): Illuminate\Foundation\Http\Middleware\ValidatePostSize->handle(Object(Illuminate\Http\Request), Object(Closure))
#46 C:\wamp64\www\edms\EDMS-Core\vendor\laravel\framework\src\Illuminate\Routing\Pipeline.php(53): Illuminate\Pipeline\Pipeline->Illuminate\Pipeline\{closure}(Object(Illuminate\Http\Request))
#47 C:\wamp64\www\edms\EDMS-Core\vendor\laravel\framework\src\Illuminate\Foundation\Http\Middleware\CheckForMaintenanceMode.php(46): Illuminate\Routing\Pipeline->Illuminate\Routing\{closure}(Object(Illuminate\Http\Request))
#48 C:\wamp64\www\edms\EDMS-Core\vendor\laravel\framework\src\Illuminate\Pipeline\Pipeline.php(148): Illuminate\Foundation\Http\Middleware\CheckForMaintenanceMode->handle(Object(Illuminate\Http\Request), Object(Closure))
#49 C:\wamp64\www\edms\EDMS-Core\vendor\laravel\framework\src\Illuminate\Routing\Pipeline.php(53): Illuminate\Pipeline\Pipeline->Illuminate\Pipeline\{closure}(Object(Illuminate\Http\Request))
#50 C:\wamp64\www\edms\EDMS-Core\vendor\laravel\framework\src\Illuminate\Pipeline\Pipeline.php(102): Illuminate\Routing\Pipeline->Illuminate\Routing\{closure}(Object(Illuminate\Http\Request))
#51 C:\wamp64\www\edms\EDMS-Core\vendor\laravel\framework\src\Illuminate\Foundation\Http\Kernel.php(151): Illuminate\Pipeline\Pipeline->then(Object(Closure))
#52 C:\wamp64\www\edms\EDMS-Core\vendor\laravel\framework\src\Illuminate\Foundation\Http\Kernel.php(116): Illuminate\Foundation\Http\Kernel->sendRequestThroughRouter(Object(Illuminate\Http\Request))
#53 C:\wamp64\www\edms\index.php(52): Illuminate\Foundation\Http\Kernel->handle(Object(Illuminate\Http\Request))
#54 {main}  
[2021-09-16 14:53:18] production.ERROR: PDOException: SQLSTATE[HY000] [1045] Access denied for user 'root'@'localhost' (using password: YES) in C:\wamp64\www\edms\EDMS-Core\vendor\laravel\framework\src\Illuminate\Database\Connectors\Connector.php:68
Stack trace:
#0 C:\wamp64\www\edms\EDMS-Core\vendor\laravel\framework\src\Illuminate\Database\Connectors\Connector.php(68): PDO->__construct('mysql:host=127....', 'root', 'root', Array)
#1 C:\wamp64\www\edms\EDMS-Core\vendor\laravel\framework\src\Illuminate\Database\Connectors\Connector.php(44): Illuminate\Database\Connectors\Connector->createPdoConnection('mysql:host=127....', 'root', 'root', Array)
#2 C:\wamp64\www\edms\EDMS-Core\vendor\laravel\framework\src\Illuminate\Database\Connectors\MySqlConnector.php(24): Illuminate\Database\Connectors\Connector->createConnection('mysql:host=127....', Array, Array)
#3 C:\wamp64\www\edms\EDMS-Core\vendor\laravel\framework\src\Illuminate\Database\Connectors\ConnectionFactory.php(183): Illuminate\Database\Connectors\MySqlConnector->connect(Array)
#4 [internal function]: Illuminate\Database\Connectors\ConnectionFactory->Illuminate\Database\Connectors\{closure}()
#5 C:\wamp64\www\edms\EDMS-Core\vendor\laravel\framework\src\Illuminate\Database\Connection.php(883): call_user_func(Object(Closure))
#6 C:\wamp64\www\edms\EDMS-Core\vendor\laravel\framework\src\Illuminate\Database\Connection.php(904): Illuminate\Database\Connection->getPdo()
#7 C:\wamp64\www\edms\EDMS-Core\vendor\laravel\framework\src\Illuminate\Database\Connection.php(392): Illuminate\Database\Connection->getReadPdo()
#8 C:\wamp64\www\edms\EDMS-Core\vendor\laravel\framework\src\Illuminate\Database\Connection.php(318): Illuminate\Database\Connection->getPdoForSelect(true)
#9 C:\wamp64\www\edms\EDMS-Core\vendor\laravel\framework\src\Illuminate\Database\Connection.php(640): Illuminate\Database\Connection->Illuminate\Database\{closure}('select * from `...', Array)
#10 C:\wamp64\www\edms\EDMS-Core\vendor\laravel\framework\src\Illuminate\Database\Connection.php(607): Illuminate\Database\Connection->runQueryCallback('select * from `...', Array, Object(Closure))
#11 C:\wamp64\www\edms\EDMS-Core\vendor\laravel\framework\src\Illuminate\Database\Connection.php(326): Illuminate\Database\Connection->run('select * from `...', Array, Object(Closure))
#12 C:\wamp64\www\edms\EDMS-Core\vendor\laravel\framework\src\Illuminate\Database\Query\Builder.php(1705): Illuminate\Database\Connection->select('select * from `...', Array, true)
#13 C:\wamp64\www\edms\EDMS-Core\vendor\laravel\framework\src\Illuminate\Database\Query\Builder.php(1690): Illuminate\Database\Query\Builder->runSelect()
#14 C:\wamp64\www\edms\EDMS-Core\vendor\laravel\framework\src\Illuminate\Database\Concerns\BuildsQueries.php(75): Illuminate\Database\Query\Builder->get(Array)
#15 C:\wamp64\www\edms\EDMS-Core\app\Http\Controllers\HomeController.php(34): Illuminate\Database\Query\Builder->first()
#16 [internal function]: App\Http\Controllers\HomeController->__construct()
#17 C:\wamp64\www\edms\EDMS-Core\vendor\laravel\framework\src\Illuminate\Container\Container.php(762): ReflectionClass->newInstanceArgs(Array)
#18 C:\wamp64\www\edms\EDMS-Core\vendor\laravel\framework\src\Illuminate\Container\Container.php(608): Illuminate\Container\Container->build('App\\Http\\Contro...')
#19 C:\wamp64\www\edms\EDMS-Core\vendor\laravel\framework\src\Illuminate\Container\Container.php(575): Illuminate\Container\Container->resolve('App\\Http\\Contro...')
#20 C:\wamp64\www\edms\EDMS-Core\vendor\laravel\framework\src\Illuminate\Foundation\Application.php(728): Illuminate\Container\Container->make('App\\Http\\Contro...')
#21 C:\wamp64\www\edms\EDMS-Core\vendor\laravel\framework\src\Illuminate\Routing\Route.php(217): Illuminate\Foundation\Application->make('App\\Http\\Contro...')
#22 C:\wamp64\www\edms\EDMS-Core\vendor\laravel\framework\src\Illuminate\Routing\Route.php(747): Illuminate\Routing\Route->getController()
#23 C:\wamp64\www\edms\EDMS-Core\vendor\laravel\framework\src\Illuminate\Routing\Route.php(708): Illuminate\Routing\Route->controllerMiddleware()
#24 C:\wamp64\www\edms\EDMS-Core\vendor\laravel\framework\src\Illuminate\Routing\Router.php(585): Illuminate\Routing\Route->gatherMiddleware()
#25 C:\wamp64\www\edms\EDMS-Core\vendor\laravel\framework\src\Illuminate\Routing\Router.php(565): Illuminate\Routing\Router->gatherRouteMiddleware(Object(Illuminate\Routing\Route))
#26 C:\wamp64\www\edms\EDMS-Core\vendor\laravel\framework\src\Illuminate\Routing\Router.php(533): Illuminate\Routing\Router->runRouteWithinStack(Object(Illuminate\Routing\Route), Object(Illuminate\Http\Request))
#27 C:\wamp64\www\edms\EDMS-Core\vendor\laravel\framework\src\Illuminate\Routing\Router.php(511): Illuminate\Routing\Router->dispatchToRoute(Object(Illuminate\Http\Request))
#28 C:\wamp64\www\edms\EDMS-Core\vendor\laravel\framework\src\Illuminate\Foundation\Http\Kernel.php(176): Illuminate\Routing\Router->dispatch(Object(Illuminate\Http\Request))
#29 C:\wamp64\www\edms\EDMS-Core\vendor\laravel\framework\src\Illuminate\Routing\Pipeline.php(30): Illuminate\Foundation\Http\Kernel->Illuminate\Foundation\Http\{closure}(Object(Illuminate\Http\Request))
#30 C:\wamp64\www\edms\EDMS-Core\vendor\laravel\framework\src\Illuminate\Foundation\Http\Middleware\TransformsRequest.php(30): Illuminate\Routing\Pipeline->Illuminate\Routing\{closure}(Object(Illuminate\Http\Request))
#31 C:\wamp64\www\edms\EDMS-Core\vendor\laravel\framework\src\Illuminate\Pipeline\Pipeline.php(148): Illuminate\Foundation\Http\Middleware\TransformsRequest->handle(Object(Illuminate\Http\Request), Object(Closure))
#32 C:\wamp64\www\edms\EDMS-Core\vendor\laravel\framework\src\Illuminate\Routing\Pipeline.php(53): Illuminate\Pipeline\Pipeline->Illuminate\Pipeline\{closure}(Object(Illuminate\Http\Request))
#33 C:\wamp64\www\edms\EDMS-Core\vendor\laravel\framework\src\Illuminate\Foundation\Http\Middleware\TransformsRequest.php(30): Illuminate\Routing\Pipeline->Illuminate\Routing\{closure}(Object(Illuminate\Http\Request))
#34 C:\wamp64\www\edms\EDMS-Core\vendor\laravel\framework\src\Illuminate\Pipeline\Pipeline.php(148): Illuminate\Foundation\Http\Middleware\TransformsRequest->handle(Object(Illuminate\Http\Request), Object(Closure))
#35 C:\wamp64\www\edms\EDMS-Core\vendor\laravel\framework\src\Illuminate\Routing\Pipeline.php(53): Illuminate\Pipeline\Pipeline->Illuminate\Pipeline\{closure}(Object(Illuminate\Http\Request))
#36 C:\wamp64\www\edms\EDMS-Core\vendor\laravel\framework\src\Illuminate\Foundation\Http\Middleware\ValidatePostSize.php(27): Illuminate\Routing\Pipeline->Illuminate\Routing\{closure}(Object(Illuminate\Http\Request))
#37 C:\wamp64\www\edms\EDMS-Core\vendor\laravel\framework\src\Illuminate\Pipeline\Pipeline.php(148): Illuminate\Foundation\Http\Middleware\ValidatePostSize->handle(Object(Illuminate\Http\Request), Object(Closure))
#38 C:\wamp64\www\edms\EDMS-Core\vendor\laravel\framework\src\Illuminate\Routing\Pipeline.php(53): Illuminate\Pipeline\Pipeline->Illuminate\Pipeline\{closure}(Object(Illuminate\Http\Request))
#39 C:\wamp64\www\edms\EDMS-Core\vendor\laravel\framework\src\Illuminate\Foundation\Http\Middleware\CheckForMaintenanceMode.php(46): Illuminate\Routing\Pipeline->Illuminate\Routing\{closure}(Object(Illuminate\Http\Request))
#40 C:\wamp64\www\edms\EDMS-Core\vendor\laravel\framework\src\Illuminate\Pipeline\Pipeline.php(148): Illuminate\Foundation\Http\Middleware\CheckForMaintenanceMode->handle(Object(Illuminate\Http\Request), Object(Closure))
#41 C:\wamp64\www\edms\EDMS-Core\vendor\laravel\framework\src\Illuminate\Routing\Pipeline.php(53): Illuminate\Pipeline\Pipeline->Illuminate\Pipeline\{closure}(Object(Illuminate\Http\Request))
#42 C:\wamp64\www\edms\EDMS-Core\vendor\laravel\framework\src\Illuminate\Pipeline\Pipeline.php(102): Illuminate\Routing\Pipeline->Illuminate\Routing\{closure}(Object(Illuminate\Http\Request))
#43 C:\wamp64\www\edms\EDMS-Core\vendor\laravel\framework\src\Illuminate\Foundation\Http\Kernel.php(151): Illuminate\Pipeline\Pipeline->then(Object(Closure))
#44 C:\wamp64\www\edms\EDMS-Core\vendor\laravel\framework\src\Illuminate\Foundation\Http\Kernel.php(116): Illuminate\Foundation\Http\Kernel->sendRequestThroughRouter(Object(Illuminate\Http\Request))
#45 C:\wamp64\www\edms\index.php(52): Illuminate\Foundation\Http\Kernel->handle(Object(Illuminate\Http\Request))
#46 {main}  
[2021-09-16 14:53:18] production.ERROR: PDOException: SQLSTATE[HY000] [1045] Access denied for user 'root'@'localhost' (using password: YES) in C:\wamp64\www\edms\EDMS-Core\vendor\laravel\framework\src\Illuminate\Database\Connectors\Connector.php:68
Stack trace:
#0 C:\wamp64\www\edms\EDMS-Core\vendor\laravel\framework\src\Illuminate\Database\Connectors\Connector.php(68): PDO->__construct('mysql:host=127....', 'root', 'root', Array)
#1 C:\wamp64\www\edms\EDMS-Core\vendor\laravel\framework\src\Illuminate\Database\Connectors\Connector.php(44): Illuminate\Database\Connectors\Connector->createPdoConnection('mysql:host=127....', 'root', 'root', Array)
#2 C:\wamp64\www\edms\EDMS-Core\vendor\laravel\framework\src\Illuminate\Database\Connectors\MySqlConnector.php(24): Illuminate\Database\Connectors\Connector->createConnection('mysql:host=127....', Array, Array)
#3 C:\wamp64\www\edms\EDMS-Core\vendor\laravel\framework\src\Illuminate\Database\Connectors\ConnectionFactory.php(183): Illuminate\Database\Connectors\MySqlConnector->connect(Array)
#4 [internal function]: Illuminate\Database\Connectors\ConnectionFactory->Illuminate\Database\Connectors\{closure}()
#5 C:\wamp64\www\edms\EDMS-Core\vendor\laravel\framework\src\Illuminate\Database\Connection.php(883): call_user_func(Object(Closure))
#6 C:\wamp64\www\edms\EDMS-Core\vendor\laravel\framework\src\Illuminate\Database\Connection.php(904): Illuminate\Database\Connection->getPdo()
#7 C:\wamp64\www\edms\EDMS-Core\vendor\laravel\framework\src\Illuminate\Database\Connection.php(392): Illuminate\Database\Connection->getReadPdo()
#8 C:\wamp64\www\edms\EDMS-Core\vendor\laravel\framework\src\Illuminate\Database\Connection.php(318): Illuminate\Database\Connection->getPdoForSelect(true)
#9 C:\wamp64\www\edms\EDMS-Core\vendor\laravel\framework\src\Illuminate\Database\Connection.php(640): Illuminate\Database\Connection->Illuminate\Database\{closure}('select * from `...', Array)
#10 C:\wamp64\www\edms\EDMS-Core\vendor\laravel\framework\src\Illuminate\Database\Connection.php(607): Illuminate\Database\Connection->runQueryCallback('select * from `...', Array, Object(Closure))
#11 C:\wamp64\www\edms\EDMS-Core\vendor\laravel\framework\src\Illuminate\Database\Connection.php(326): Illuminate\Database\Connection->run('select * from `...', Array, Object(Closure))
#12 C:\wamp64\www\edms\EDMS-Core\vendor\laravel\framework\src\Illuminate\Database\Query\Builder.php(1705): Illuminate\Database\Connection->select('select * from `...', Array, true)
#13 C:\wamp64\www\edms\EDMS-Core\vendor\laravel\framework\src\Illuminate\Database\Query\Builder.php(1690): Illuminate\Database\Query\Builder->runSelect()
#14 C:\wamp64\www\edms\EDMS-Core\vendor\laravel\framework\src\Illuminate\Database\Concerns\BuildsQueries.php(75): Illuminate\Database\Query\Builder->get(Array)
#15 C:\wamp64\www\edms\EDMS-Core\app\Http\Controllers\HomeController.php(34): Illuminate\Database\Query\Builder->first()
#16 [internal function]: App\Http\Controllers\HomeController->__construct()
#17 C:\wamp64\www\edms\EDMS-Core\vendor\laravel\framework\src\Illuminate\Container\Container.php(762): ReflectionClass->newInstanceArgs(Array)
#18 C:\wamp64\www\edms\EDMS-Core\vendor\laravel\framework\src\Illuminate\Container\Container.php(608): Illuminate\Container\Container->build('App\\Http\\Contro...')
#19 C:\wamp64\www\edms\EDMS-Core\vendor\laravel\framework\src\Illuminate\Container\Container.php(575): Illuminate\Container\Container->resolve('App\\Http\\Contro...')
#20 C:\wamp64\www\edms\EDMS-Core\vendor\laravel\framework\src\Illuminate\Foundation\Application.php(728): Illuminate\Container\Container->make('App\\Http\\Contro...')
#21 C:\wamp64\www\edms\EDMS-Core\vendor\laravel\framework\src\Illuminate\Routing\Route.php(217): Illuminate\Foundation\Application->make('App\\Http\\Contro...')
#22 C:\wamp64\www\edms\EDMS-Core\vendor\laravel\framework\src\Illuminate\Routing\Route.php(747): Illuminate\Routing\Route->getController()
#23 C:\wamp64\www\edms\EDMS-Core\vendor\laravel\framework\src\Illuminate\Routing\Route.php(708): Illuminate\Routing\Route->controllerMiddleware()
#24 C:\wamp64\www\edms\EDMS-Core\vendor\laravel\framework\src\Illuminate\Routing\Router.php(585): Illuminate\Routing\Route->gatherMiddleware()
#25 C:\wamp64\www\edms\EDMS-Core\vendor\laravel\framework\src\Illuminate\Routing\Router.php(565): Illuminate\Routing\Router->gatherRouteMiddleware(Object(Illuminate\Routing\Route))
#26 C:\wamp64\www\edms\EDMS-Core\vendor\laravel\framework\src\Illuminate\Routing\Router.php(533): Illuminate\Routing\Router->runRouteWithinStack(Object(Illuminate\Routing\Route), Object(Illuminate\Http\Request))
#27 C:\wamp64\www\edms\EDMS-Core\vendor\laravel\framework\src\Illuminate\Routing\Router.php(511): Illuminate\Routing\Router->dispatchToRoute(Object(Illuminate\Http\Request))
#28 C:\wamp64\www\edms\EDMS-Core\vendor\laravel\framework\src\Illuminate\Foundation\Http\Kernel.php(176): Illuminate\Routing\Router->dispatch(Object(Illuminate\Http\Request))
#29 C:\wamp64\www\edms\EDMS-Core\vendor\laravel\framework\src\Illuminate\Routing\Pipeline.php(30): Illuminate\Foundation\Http\Kernel->Illuminate\Foundation\Http\{closure}(Object(Illuminate\Http\Request))
#30 C:\wamp64\www\edms\EDMS-Core\vendor\laravel\framework\src\Illuminate\Foundation\Http\Middleware\TransformsRequest.php(30): Illuminate\Routing\Pipeline->Illuminate\Routing\{closure}(Object(Illuminate\Http\Request))
#31 C:\wamp64\www\edms\EDMS-Core\vendor\laravel\framework\src\Illuminate\Pipeline\Pipeline.php(148): Illuminate\Foundation\Http\Middleware\TransformsRequest->handle(Object(Illuminate\Http\Request), Object(Closure))
#32 C:\wamp64\www\edms\EDMS-Core\vendor\laravel\framework\src\Illuminate\Routing\Pipeline.php(53): Illuminate\Pipeline\Pipeline->Illuminate\Pipeline\{closure}(Object(Illuminate\Http\Request))
#33 C:\wamp64\www\edms\EDMS-Core\vendor\laravel\framework\src\Illuminate\Foundation\Http\Middleware\TransformsRequest.php(30): Illuminate\Routing\Pipeline->Illuminate\Routing\{closure}(Object(Illuminate\Http\Request))
#34 C:\wamp64\www\edms\EDMS-Core\vendor\laravel\framework\src\Illuminate\Pipeline\Pipeline.php(148): Illuminate\Foundation\Http\Middleware\TransformsRequest->handle(Object(Illuminate\Http\Request), Object(Closure))
#35 C:\wamp64\www\edms\EDMS-Core\vendor\laravel\framework\src\Illuminate\Routing\Pipeline.php(53): Illuminate\Pipeline\Pipeline->Illuminate\Pipeline\{closure}(Object(Illuminate\Http\Request))
#36 C:\wamp64\www\edms\EDMS-Core\vendor\laravel\framework\src\Illuminate\Foundation\Http\Middleware\ValidatePostSize.php(27): Illuminate\Routing\Pipeline->Illuminate\Routing\{closure}(Object(Illuminate\Http\Request))
#37 C:\wamp64\www\edms\EDMS-Core\vendor\laravel\framework\src\Illuminate\Pipeline\Pipeline.php(148): Illuminate\Foundation\Http\Middleware\ValidatePostSize->handle(Object(Illuminate\Http\Request), Object(Closure))
#38 C:\wamp64\www\edms\EDMS-Core\vendor\laravel\framework\src\Illuminate\Routing\Pipeline.php(53): Illuminate\Pipeline\Pipeline->Illuminate\Pipeline\{closure}(Object(Illuminate\Http\Request))
#39 C:\wamp64\www\edms\EDMS-Core\vendor\laravel\framework\src\Illuminate\Foundation\Http\Middleware\CheckForMaintenanceMode.php(46): Illuminate\Routing\Pipeline->Illuminate\Routing\{closure}(Object(Illuminate\Http\Request))
#40 C:\wamp64\www\edms\EDMS-Core\vendor\laravel\framework\src\Illuminate\Pipeline\Pipeline.php(148): Illuminate\Foundation\Http\Middleware\CheckForMaintenanceMode->handle(Object(Illuminate\Http\Request), Object(Closure))
#41 C:\wamp64\www\edms\EDMS-Core\vendor\laravel\framework\src\Illuminate\Routing\Pipeline.php(53): Illuminate\Pipeline\Pipeline->Illuminate\Pipeline\{closure}(Object(Illuminate\Http\Request))
#42 C:\wamp64\www\edms\EDMS-Core\vendor\laravel\framework\src\Illuminate\Pipeline\Pipeline.php(102): Illuminate\Routing\Pipeline->Illuminate\Routing\{closure}(Object(Illuminate\Http\Request))
#43 C:\wamp64\www\edms\EDMS-Core\vendor\laravel\framework\src\Illuminate\Foundation\Http\Kernel.php(151): Illuminate\Pipeline\Pipeline->then(Object(Closure))
#44 C:\wamp64\www\edms\EDMS-Core\vendor\laravel\framework\src\Illuminate\Foundation\Http\Kernel.php(116): Illuminate\Foundation\Http\Kernel->sendRequestThroughRouter(Object(Illuminate\Http\Request))
#45 C:\wamp64\www\edms\index.php(52): Illuminate\Foundation\Http\Kernel->handle(Object(Illuminate\Http\Request))
#46 {main}

Next Illuminate\Database\QueryException: SQLSTATE[HY000] [1045] Access denied for user 'root'@'localhost' (using password: YES) (SQL: select * from `settings` limit 1) in C:\wamp64\www\edms\EDMS-Core\vendor\laravel\framework\src\Illuminate\Database\Connection.php:647
Stack trace:
#0 C:\wamp64\www\edms\EDMS-Core\vendor\laravel\framework\src\Illuminate\Database\Connection.php(607): Illuminate\Database\Connection->runQueryCallback('select * from `...', Array, Object(Closure))
#1 C:\wamp64\www\edms\EDMS-Core\vendor\laravel\framework\src\Illuminate\Database\Connection.php(326): Illuminate\Database\Connection->run('select * from `...', Array, Object(Closure))
#2 C:\wamp64\www\edms\EDMS-Core\vendor\laravel\framework\src\Illuminate\Database\Query\Builder.php(1705): Illuminate\Database\Connection->select('select * from `...', Array, true)
#3 C:\wamp64\www\edms\EDMS-Core\vendor\laravel\framework\src\Illuminate\Database\Query\Builder.php(1690): Illuminate\Database\Query\Builder->runSelect()
#4 C:\wamp64\www\edms\EDMS-Core\vendor\laravel\framework\src\Illuminate\Database\Concerns\BuildsQueries.php(75): Illuminate\Database\Query\Builder->get(Array)
#5 C:\wamp64\www\edms\EDMS-Core\app\Http\Controllers\HomeController.php(34): Illuminate\Database\Query\Builder->first()
#6 [internal function]: App\Http\Controllers\HomeController->__construct()
#7 C:\wamp64\www\edms\EDMS-Core\vendor\laravel\framework\src\Illuminate\Container\Container.php(762): ReflectionClass->newInstanceArgs(Array)
#8 C:\wamp64\www\edms\EDMS-Core\vendor\laravel\framework\src\Illuminate\Container\Container.php(608): Illuminate\Container\Container->build('App\\Http\\Contro...')
#9 C:\wamp64\www\edms\EDMS-Core\vendor\laravel\framework\src\Illuminate\Container\Container.php(575): Illuminate\Container\Container->resolve('App\\Http\\Contro...')
#10 C:\wamp64\www\edms\EDMS-Core\vendor\laravel\framework\src\Illuminate\Foundation\Application.php(728): Illuminate\Container\Container->make('App\\Http\\Contro...')
#11 C:\wamp64\www\edms\EDMS-Core\vendor\laravel\framework\src\Illuminate\Routing\Route.php(217): Illuminate\Foundation\Application->make('App\\Http\\Contro...')
#12 C:\wamp64\www\edms\EDMS-Core\vendor\laravel\framework\src\Illuminate\Routing\Route.php(747): Illuminate\Routing\Route->getController()
#13 C:\wamp64\www\edms\EDMS-Core\vendor\laravel\framework\src\Illuminate\Routing\Route.php(708): Illuminate\Routing\Route->controllerMiddleware()
#14 C:\wamp64\www\edms\EDMS-Core\vendor\laravel\framework\src\Illuminate\Routing\Router.php(585): Illuminate\Routing\Route->gatherMiddleware()
#15 C:\wamp64\www\edms\EDMS-Core\vendor\laravel\framework\src\Illuminate\Routing\Router.php(565): Illuminate\Routing\Router->gatherRouteMiddleware(Object(Illuminate\Routing\Route))
#16 C:\wamp64\www\edms\EDMS-Core\vendor\laravel\framework\src\Illuminate\Routing\Router.php(533): Illuminate\Routing\Router->runRouteWithinStack(Object(Illuminate\Routing\Route), Object(Illuminate\Http\Request))
#17 C:\wamp64\www\edms\EDMS-Core\vendor\laravel\framework\src\Illuminate\Routing\Router.php(511): Illuminate\Routing\Router->dispatchToRoute(Object(Illuminate\Http\Request))
#18 C:\wamp64\www\edms\EDMS-Core\vendor\laravel\framework\src\Illuminate\Foundation\Http\Kernel.php(176): Illuminate\Routing\Router->dispatch(Object(Illuminate\Http\Request))
#19 C:\wamp64\www\edms\EDMS-Core\vendor\laravel\framework\src\Illuminate\Routing\Pipeline.php(30): Illuminate\Foundation\Http\Kernel->Illuminate\Foundation\Http\{closure}(Object(Illuminate\Http\Request))
#20 C:\wamp64\www\edms\EDMS-Core\vendor\laravel\framework\src\Illuminate\Foundation\Http\Middleware\TransformsRequest.php(30): Illuminate\Routing\Pipeline->Illuminate\Routing\{closure}(Object(Illuminate\Http\Request))
#21 C:\wamp64\www\edms\EDMS-Core\vendor\laravel\framework\src\Illuminate\Pipeline\Pipeline.php(148): Illuminate\Foundation\Http\Middleware\TransformsRequest->handle(Object(Illuminate\Http\Request), Object(Closure))
#22 C:\wamp64\www\edms\EDMS-Core\vendor\laravel\framework\src\Illuminate\Routing\Pipeline.php(53): Illuminate\Pipeline\Pipeline->Illuminate\Pipeline\{closure}(Object(Illuminate\Http\Request))
#23 C:\wamp64\www\edms\EDMS-Core\vendor\laravel\framework\src\Illuminate\Foundation\Http\Middleware\TransformsRequest.php(30): Illuminate\Routing\Pipeline->Illuminate\Routing\{closure}(Object(Illuminate\Http\Request))
#24 C:\wamp64\www\edms\EDMS-Core\vendor\laravel\framework\src\Illuminate\Pipeline\Pipeline.php(148): Illuminate\Foundation\Http\Middleware\TransformsRequest->handle(Object(Illuminate\Http\Request), Object(Closure))
#25 C:\wamp64\www\edms\EDMS-Core\vendor\laravel\framework\src\Illuminate\Routing\Pipeline.php(53): Illuminate\Pipeline\Pipeline->Illuminate\Pipeline\{closure}(Object(Illuminate\Http\Request))
#26 C:\wamp64\www\edms\EDMS-Core\vendor\laravel\framework\src\Illuminate\Foundation\Http\Middleware\ValidatePostSize.php(27): Illuminate\Routing\Pipeline->Illuminate\Routing\{closure}(Object(Illuminate\Http\Request))
#27 C:\wamp64\www\edms\EDMS-Core\vendor\laravel\framework\src\Illuminate\Pipeline\Pipeline.php(148): Illuminate\Foundation\Http\Middleware\ValidatePostSize->handle(Object(Illuminate\Http\Request), Object(Closure))
#28 C:\wamp64\www\edms\EDMS-Core\vendor\laravel\framework\src\Illuminate\Routing\Pipeline.php(53): Illuminate\Pipeline\Pipeline->Illuminate\Pipeline\{closure}(Object(Illuminate\Http\Request))
#29 C:\wamp64\www\edms\EDMS-Core\vendor\laravel\framework\src\Illuminate\Foundation\Http\Middleware\CheckForMaintenanceMode.php(46): Illuminate\Routing\Pipeline->Illuminate\Routing\{closure}(Object(Illuminate\Http\Request))
#30 C:\wamp64\www\edms\EDMS-Core\vendor\laravel\framework\src\Illuminate\Pipeline\Pipeline.php(148): Illuminate\Foundation\Http\Middleware\CheckForMaintenanceMode->handle(Object(Illuminate\Http\Request), Object(Closure))
#31 C:\wamp64\www\edms\EDMS-Core\vendor\laravel\framework\src\Illuminate\Routing\Pipeline.php(53): Illuminate\Pipeline\Pipeline->Illuminate\Pipeline\{closure}(Object(Illuminate\Http\Request))
#32 C:\wamp64\www\edms\EDMS-Core\vendor\laravel\framework\src\Illuminate\Pipeline\Pipeline.php(102): Illuminate\Routing\Pipeline->Illuminate\Routing\{closure}(Object(Illuminate\Http\Request))
#33 C:\wamp64\www\edms\EDMS-Core\vendor\laravel\framework\src\Illuminate\Foundation\Http\Kernel.php(151): Illuminate\Pipeline\Pipeline->then(Object(Closure))
#34 C:\wamp64\www\edms\EDMS-Core\vendor\laravel\framework\src\Illuminate\Foundation\Http\Kernel.php(116): Illuminate\Foundation\Http\Kernel->sendRequestThroughRouter(Object(Illuminate\Http\Request))
#35 C:\wamp64\www\edms\index.php(52): Illuminate\Foundation\Http\Kernel->handle(Object(Illuminate\Http\Request))
#36 {main}  
[2021-09-16 14:54:32] local.ERROR: Symfony\Component\Debug\Exception\FatalErrorException: Allowed memory size of 524288000 bytes exhausted (tried to allocate 297230336 bytes) in C:\wamp64\www\edms\EDMS-Core\vendor\symfony\http-foundation\Response.php:361
Stack trace:
#0 C:\wamp64\www\edms\EDMS-Core\vendor\laravel\framework\src\Illuminate\Foundation\Bootstrap\HandleExceptions.php(137): Symfony\Component\Debug\Exception\FatalErrorException->__construct()
#1 C:\wamp64\www\edms\EDMS-Core\vendor\laravel\framework\src\Illuminate\Foundation\Bootstrap\HandleExceptions.php(123): Illuminate\Foundation\Bootstrap\HandleExceptions->fatalExceptionFromError()
#2 C:\wamp64\www\edms\EDMS-Core\vendor\laravel\framework\src\Illuminate\Foundation\Bootstrap\HandleExceptions.php(0): Illuminate\Foundation\Bootstrap\HandleExceptions->handleShutdown()
#3 C:\wamp64\www\edms\EDMS-Core\vendor\symfony\http-foundation\Response.php(374): Illuminate\Http\Response->sendContent()
#4 C:\wamp64\www\edms\index.php(55): Illuminate\Http\Response->send()
#5 C:\wamp64\www\edms\index.php(0): {main}()
#6 {main}  
[2021-09-16 14:56:56] local.ERROR: Symfony\Component\Debug\Exception\FatalErrorException: Allowed memory size of 524288000 bytes exhausted (tried to allocate 297230336 bytes) in C:\wamp64\www\edms\EDMS-Core\vendor\symfony\http-foundation\Response.php:361
Stack trace:
#0 C:\wamp64\www\edms\EDMS-Core\vendor\laravel\framework\src\Illuminate\Foundation\Bootstrap\HandleExceptions.php(137): Symfony\Component\Debug\Exception\FatalErrorException->__construct()
#1 C:\wamp64\www\edms\EDMS-Core\vendor\laravel\framework\src\Illuminate\Foundation\Bootstrap\HandleExceptions.php(123): Illuminate\Foundation\Bootstrap\HandleExceptions->fatalExceptionFromError()
#2 C:\wamp64\www\edms\EDMS-Core\vendor\laravel\framework\src\Illuminate\Foundation\Bootstrap\HandleExceptions.php(0): Illuminate\Foundation\Bootstrap\HandleExceptions->handleShutdown()
#3 C:\wamp64\www\edms\EDMS-Core\vendor\symfony\http-foundation\Response.php(374): Illuminate\Http\Response->sendContent()
#4 C:\wamp64\www\edms\index.php(55): Illuminate\Http\Response->send()
#5 C:\wamp64\www\edms\index.php(0): {main}()
#6 {main}  
