[2021-10-21 16:08:30] local.ERROR: Swift_TransportException: Expected response code 250 but got code "535", with message "535-5.7.8 Username and Password not accepted. Learn more at
535 5.7.8  https://support.google.com/mail/?p=BadCredentials c19sm3102077ede.16 - gsmtp
" in C:\wamp64\www\edms\EDMS-Core\vendor\swiftmailer\swiftmailer\lib\classes\Swift\Transport\AbstractSmtpTransport.php:383
Stack trace:
#0 C:\wamp64\www\edms\EDMS-Core\vendor\swiftmailer\swiftmailer\lib\classes\Swift\Transport\AbstractSmtpTransport.php(281): Swift_Transport_AbstractSmtpTransport->_assertResponseCode('535-5.7.8 Usern...', Array)
#1 C:\wamp64\www\edms\EDMS-Core\vendor\swiftmailer\swiftmailer\lib\classes\Swift\Transport\EsmtpTransport.php(270): Swift_Transport_AbstractSmtpTransport->executeCommand('RSET\r\n', Array, Array)
#2 C:\wamp64\www\edms\EDMS-Core\vendor\swiftmailer\swiftmailer\lib\classes\Swift\Transport\Esmtp\Auth\XOAuth2Authenticator.php(55): Swift_Transport_EsmtpTransport->executeCommand('RSET\r\n', Array)
#3 C:\wamp64\www\edms\EDMS-Core\vendor\swiftmailer\swiftmailer\lib\classes\Swift\Transport\Esmtp\AuthHandler.php(176): Swift_Transport_Esmtp_Auth_XOAuth2Authenticator->authenticate(Object(Swift_SmtpTransport), 'kidane10g@gmail...', 'aaAA##11')
#4 C:\wamp64\www\edms\EDMS-Core\vendor\swiftmailer\swiftmailer\lib\classes\Swift\Transport\EsmtpTransport.php(332): Swift_Transport_Esmtp_AuthHandler->afterEhlo(Object(Swift_SmtpTransport))
#5 C:\wamp64\www\edms\EDMS-Core\vendor\swiftmailer\swiftmailer\lib\classes\Swift\Transport\AbstractSmtpTransport.php(118): Swift_Transport_EsmtpTransport->_doHeloCommand()
#6 C:\wamp64\www\edms\EDMS-Core\vendor\swiftmailer\swiftmailer\lib\classes\Swift\Mailer.php(79): Swift_Transport_AbstractSmtpTransport->start()
#7 C:\wamp64\www\edms\EDMS-Core\vendor\laravel\framework\src\Illuminate\Mail\Mailer.php(443): Swift_Mailer->send(Object(Swift_Message), Array)
#8 C:\wamp64\www\edms\EDMS-Core\vendor\laravel\framework\src\Illuminate\Mail\Mailer.php(217): Illuminate\Mail\Mailer->sendSwiftMessage(Object(Swift_Message))
#9 C:\wamp64\www\edms\EDMS-Core\vendor\laravel\framework\src\Illuminate\Notifications\Channels\MailChannel.php(60): Illuminate\Mail\Mailer->send(Object(Illuminate\Support\HtmlString), Array, Object(Closure))
#10 C:\wamp64\www\edms\EDMS-Core\vendor\laravel\framework\src\Illuminate\Notifications\NotificationSender.php(113): Illuminate\Notifications\Channels\MailChannel->send(Object(Spatie\Backup\Notifications\Notifiable), Object(Spatie\Backup\Notifications\Notifications\BackupHasFailed))
#11 C:\wamp64\www\edms\EDMS-Core\vendor\laravel\framework\src\Illuminate\Notifications\NotificationSender.php(89): Illuminate\Notifications\NotificationSender->sendToNotifiable(Object(Spatie\Backup\Notifications\Notifiable), 'dd1b6bbf-f314-4...', Object(Spatie\Backup\Notifications\Notifications\BackupHasFailed), 'mail')
#12 C:\wamp64\www\edms\EDMS-Core\vendor\laravel\framework\src\Illuminate\Notifications\NotificationSender.php(64): Illuminate\Notifications\NotificationSender->sendNow(Array, Object(Spatie\Backup\Notifications\Notifications\BackupHasFailed))
#13 C:\wamp64\www\edms\EDMS-Core\vendor\laravel\framework\src\Illuminate\Notifications\ChannelManager.php(36): Illuminate\Notifications\NotificationSender->send(Array, Object(Spatie\Backup\Notifications\Notifications\BackupHasFailed))
#14 C:\wamp64\www\edms\EDMS-Core\vendor\laravel\framework\src\Illuminate\Notifications\RoutesNotifications.php(18): Illuminate\Notifications\ChannelManager->send(Object(Spatie\Backup\Notifications\Notifiable), Object(Spatie\Backup\Notifications\Notifications\BackupHasFailed))
#15 C:\wamp64\www\edms\EDMS-Core\vendor\spatie\laravel-backup\src\Notifications\EventHandler.php(33): Spatie\Backup\Notifications\Notifiable->notify(Object(Spatie\Backup\Notifications\Notifications\BackupHasFailed))
#16 C:\wamp64\www\edms\EDMS-Core\vendor\laravel\framework\src\Illuminate\Events\Dispatcher.php(348): Spatie\Backup\Notifications\EventHandler->Spatie\Backup\Notifications\{closure}(Object(Spatie\Backup\Events\BackupHasFailed))
#17 C:\wamp64\www\edms\EDMS-Core\vendor\laravel\framework\src\Illuminate\Events\Dispatcher.php(199): Illuminate\Events\Dispatcher->Illuminate\Events\{closure}('Spatie\\Backup\\E...', Array)
#18 C:\wamp64\www\edms\EDMS-Core\vendor\laravel\framework\src\Illuminate\Foundation\helpers.php(446): Illuminate\Events\Dispatcher->dispatch('Spatie\\Backup\\E...')
#19 C:\wamp64\www\edms\EDMS-Core\vendor\spatie\laravel-backup\src\Commands\BackupCommand.php(56): event(Object(Spatie\Backup\Events\BackupHasFailed))
#20 [internal function]: Spatie\Backup\Commands\BackupCommand->handle()
#21 C:\wamp64\www\edms\EDMS-Core\vendor\laravel\framework\src\Illuminate\Container\BoundMethod.php(29): call_user_func_array(Array, Array)
#22 C:\wamp64\www\edms\EDMS-Core\vendor\laravel\framework\src\Illuminate\Container\BoundMethod.php(87): Illuminate\Container\BoundMethod::Illuminate\Container\{closure}()
#23 C:\wamp64\www\edms\EDMS-Core\vendor\laravel\framework\src\Illuminate\Container\BoundMethod.php(31): Illuminate\Container\BoundMethod::callBoundMethod(Object(Illuminate\Foundation\Application), Array, Object(Closure))
#24 C:\wamp64\www\edms\EDMS-Core\vendor\laravel\framework\src\Illuminate\Container\Container.php(539): Illuminate\Container\BoundMethod::call(Object(Illuminate\Foundation\Application), Array, Array, NULL)
#25 C:\wamp64\www\edms\EDMS-Core\vendor\laravel\framework\src\Illuminate\Console\Command.php(182): Illuminate\Container\Container->call(Array)
#26 C:\wamp64\www\edms\EDMS-Core\vendor\symfony\console\Command\Command.php(255): Illuminate\Console\Command->execute(Object(Symfony\Component\Console\Input\ArgvInput), Object(Illuminate\Console\OutputStyle))
#27 C:\wamp64\www\edms\EDMS-Core\vendor\laravel\framework\src\Illuminate\Console\Command.php(167): Symfony\Component\Console\Command\Command->run(Object(Symfony\Component\Console\Input\ArgvInput), Object(Illuminate\Console\OutputStyle))
#28 C:\wamp64\www\edms\EDMS-Core\vendor\spatie\laravel-backup\src\Commands\BaseCommand.php(22): Illuminate\Console\Command->run(Object(Symfony\Component\Console\Input\ArgvInput), Object(Symfony\Component\Console\Output\ConsoleOutput))
#29 C:\wamp64\www\edms\EDMS-Core\vendor\symfony\console\Application.php(987): Spatie\Backup\Commands\BaseCommand->run(Object(Symfony\Component\Console\Input\ArgvInput), Object(Symfony\Component\Console\Output\ConsoleOutput))
#30 C:\wamp64\www\edms\EDMS-Core\vendor\symfony\console\Application.php(255): Symfony\Component\Console\Application->doRunCommand(Object(Spatie\Backup\Commands\BackupCommand), Object(Symfony\Component\Console\Input\ArgvInput), Object(Symfony\Component\Console\Output\ConsoleOutput))
#31 C:\wamp64\www\edms\EDMS-Core\vendor\symfony\console\Application.php(148): Symfony\Component\Console\Application->doRun(Object(Symfony\Component\Console\Input\ArgvInput), Object(Symfony\Component\Console\Output\ConsoleOutput))
#32 C:\wamp64\www\edms\EDMS-Core\vendor\laravel\framework\src\Illuminate\Foundation\Console\Kernel.php(122): Symfony\Component\Console\Application->run(Object(Symfony\Component\Console\Input\ArgvInput), Object(Symfony\Component\Console\Output\ConsoleOutput))
#33 C:\wamp64\www\edms\EDMS-Core\artisan(35): Illuminate\Foundation\Console\Kernel->handle(Object(Symfony\Component\Console\Input\ArgvInput), Object(Symfony\Component\Console\Output\ConsoleOutput))
#34 {main}  
